#
# There is insufficient memory for the Java Runtime Environment to continue.
# Native memory allocation (malloc) failed to allocate 2053296 bytes. Error detail: Chunk::new
# Possible reasons:
#   The system is out of physical RAM or swap space
#   This process is running with CompressedOops enabled, and the Java Heap may be blocking the growth of the native heap
# Possible solutions:
#   Reduce memory load on the system
#   Increase physical memory or swap space
#   Check if swap backing store is full
#   Decrease Java heap size (-Xmx/-Xms)
#   Decrease number of Java threads
#   Decrease Java thread stack sizes (-Xss)
#   Set larger code cache with -XX:ReservedCodeCacheSize=
#   JVM is running with Unscaled Compressed Oops mode in which the Java heap is
#     placed in the first 4GB address space. The Java Heap base address is the
#     maximum limit for the native heap growth. Please use -XX:HeapBaseMinAddress
#     to set the Java Heap base and to place the Java Heap above 4GB virtual address.
# This output file may be truncated or incomplete.
#
#  Out of Memory Error (arena.cpp:168), pid=3068, tid=17940
#
# JRE version: OpenJDK Runtime Environment Temurin-21.0.10+7 (21.0.10+7) (build 21.0.10+7-LTS)
# Java VM: OpenJDK 64-Bit Server VM Temurin-21.0.10+7 (21.0.10+7-LTS, mixed mode, sharing, tiered, compressed oops, compressed class ptrs, parallel gc, windows-amd64)
# No core dump will be written. Minidumps are not enabled by default on client versions of Windows
#

---------------  S U M M A R Y ------------

Command Line: --add-modules=ALL-SYSTEM --add-opens=java.base/java.util=ALL-UNNAMED --add-opens=java.base/java.lang=ALL-UNNAMED --add-opens=java.base/sun.nio.fs=ALL-UNNAMED -Declipse.application=org.eclipse.jdt.ls.core.id1 -Dosgi.bundles.defaultStartLevel=4 -Declipse.product=org.eclipse.jdt.ls.core.product -Djava.import.generatesMetadataFilesAtProjectRoot=false -DDetectVMInstallationsJob.disabled=true -Dfile.encoding=utf8 -XX:+UseParallelGC -XX:GCTimeRatio=4 -XX:AdaptiveSizePolicyWeight=90 -Dsun.zip.disableMemoryMapping=true -Xmx2G -Xms100m -Xlog:disable -javaagent:c:\Users\ankit\.vscode\extensions\redhat.java-1.54.0-win32-x64\lombok\lombok-1.18.39-4050.jar -XX:+HeapDumpOnOutOfMemoryError -XX:HeapDumpPath=c:\Users\ankit\AppData\Roaming\Code\User\workspaceStorage\a3671561678c19015781a49cc90ed25e\redhat.java -Daether.dependencyCollector.impl=bf c:\Users\ankit\.vscode\extensions\redhat.java-1.54.0-win32-x64\server\plugins\org.eclipse.equinox.launcher_1.7.100.v20251111-0406.jar -configuration c:\Users\ankit\AppData\Roaming\Code\User\globalStorage\redhat.java\1.54.0\config_win -data c:\Users\ankit\AppData\Roaming\Code\User\workspaceStorage\a3671561678c19015781a49cc90ed25e\redhat.java\jdt_ws --pipe=\\.\pipe\lsp-88c2879aaf13d68204c3672e94fe9dab-sock

Host: 11th Gen Intel(R) Core(TM) i5-11400H @ 2.70GHz, 12 cores, 7G,  Windows 11 , 64 bit Build 26100 (10.0.26100.8289)
Time: Thu Apr 30 00:00:51 2026 India Standard Time elapsed time: 43.539979 seconds (0d 0h 0m 43s)

---------------  T H R E A D  ---------------

Current thread (0x0000025e926aa040):  JavaThread "C2 CompilerThread1" daemon [_thread_in_native, id=17940, stack(0x000000f9a2400000,0x000000f9a2500000) (1024K)]


Current CompileTask:
C2:43540 15198   !   4       org.eclipse.jdt.internal.core.JarPackageFragmentRoot::computeChildren (606 bytes)

Stack: [0x000000f9a2400000,0x000000f9a2500000]
Native frames: (J=compiled Java code, j=interpreted, Vv=VM code, C=native code)
V  [jvm.dll+0x6d7a39]
V  [jvm.dll+0x8b4b26]
V  [jvm.dll+0x8b70de]
V  [jvm.dll+0x8b77c3]
V  [jvm.dll+0x284346]
V  [jvm.dll+0xc66ed]
V  [jvm.dll+0xc6c31]
V  [jvm.dll+0x3bec01]
V  [jvm.dll+0x1e3f69]
V  [jvm.dll+0x24c6b3]
V  [jvm.dll+0x24bb40]
V  [jvm.dll+0x1cb34e]
V  [jvm.dll+0x25b85d]
V  [jvm.dll+0x259dea]
V  [jvm.dll+0x3f857e]
V  [jvm.dll+0x85f59d]
V  [jvm.dll+0x6d626d]
C  [ucrtbase.dll+0x2cd30]
C  [KERNEL32.DLL+0x2e957]
C  [ntdll.dll+0x879fc]


---------------  P R O C E S S  ---------------

Threads class SMR info:
_java_thread_list=0x0000025ea4c29ca0, length=89, elements={
0x0000025e397af440, 0x0000025e39853400, 0x0000025e5025e220, 0x0000025e3985a140,
0x0000025e3985cf10, 0x0000025e39860b60, 0x0000025e39868820, 0x0000025e926a2fa0,
0x0000025e926a7760, 0x0000025e928721d0, 0x0000025e929df5c0, 0x0000025e9365f360,
0x0000025e93a901b0, 0x0000025e981d25d0, 0x0000025e981d3820, 0x0000025e98234430,
0x0000025e929c3200, 0x0000025e928953b0, 0x0000025e93c60ec0, 0x0000025e93c61550,
0x0000025e93c5f480, 0x0000025e926aa040, 0x0000025e93c5fb10, 0x0000025e93c62270,
0x0000025e93c61be0, 0x0000025e93c601a0, 0x0000025e93c62900, 0x0000025e9b166590,
0x0000025e9b1672b0, 0x0000025e9b168660, 0x0000025e9b165870, 0x0000025e9b167940,
0x0000025e9b169380, 0x0000025e9b166c20, 0x0000025e9b165f00, 0x0000025e9b16a730,
0x0000025e9b167fd0, 0x0000025e9b16adc0, 0x0000025e9b168cf0, 0x0000025e9b16bae0,
0x0000025e9b16c170, 0x0000025e9b16b450, 0x0000025e9b16c800, 0x0000025e9b16ce90,
0x0000025e9b169a10, 0x0000025e9b16a0a0, 0x0000025e9ad90a10, 0x0000025e9ad8dc20,
0x0000025e9ad91730, 0x0000025e9ad910a0, 0x0000025e9ad8e2b0, 0x0000025e9ad91dc0,
0x0000025e9ad8efd0, 0x0000025e9ad8e940, 0x0000025e9ad92450, 0x0000025e9ad8f660,
0x0000025e9ad93170, 0x0000025e9ad92ae0, 0x0000025e9ad90380, 0x0000025e9ad94520,
0x0000025e9ad93e90, 0x0000025e9ad94bb0, 0x0000025e9ad95240, 0x0000025e99742360,
0x0000025e99740fb0, 0x0000025e9973f570, 0x0000025e9973fc00, 0x0000025e99740290,
0x0000025e99740920, 0x0000025e99741cd0, 0x0000025e99741640, 0x0000025e997429f0,
0x0000025e93c60830, 0x0000025e9b438e40, 0x0000025e9b4366e0, 0x0000025e9b4387b0,
0x0000025e9b4359c0, 0x0000025e9b437400, 0x0000025e9b437a90, 0x0000025ea5ddaa40,
0x0000025ea5ddb760, 0x0000025ea5ddcb10, 0x0000025ea5dd9d20, 0x0000025ea5ddb0d0,
0x0000025ea5dda3b0, 0x0000025ea5ddbdf0, 0x0000025ea5dd9690, 0x0000025e99b878f0,
0x0000025ea5ddc480
}

Java Threads: ( => current thread )
  0x0000025e397af440 JavaThread "main"                              [_thread_blocked, id=5832, stack(0x000000f9a0300000,0x000000f9a0400000) (1024K)]
  0x0000025e39853400 JavaThread "Reference Handler"          daemon [_thread_blocked, id=18172, stack(0x000000f9a0700000,0x000000f9a0800000) (1024K)]
  0x0000025e5025e220 JavaThread "Finalizer"                  daemon [_thread_blocked, id=12268, stack(0x000000f9a0800000,0x000000f9a0900000) (1024K)]
  0x0000025e3985a140 JavaThread "Signal Dispatcher"          daemon [_thread_blocked, id=11096, stack(0x000000f9a0900000,0x000000f9a0a00000) (1024K)]
  0x0000025e3985cf10 JavaThread "Attach Listener"            daemon [_thread_blocked, id=4020, stack(0x000000f9a0a00000,0x000000f9a0b00000) (1024K)]
  0x0000025e39860b60 JavaThread "Service Thread"             daemon [_thread_blocked, id=17616, stack(0x000000f9a0b00000,0x000000f9a0c00000) (1024K)]
  0x0000025e39868820 JavaThread "Monitor Deflation Thread"   daemon [_thread_blocked, id=14696, stack(0x000000f9a0c00000,0x000000f9a0d00000) (1024K)]
  0x0000025e926a2fa0 JavaThread "C2 CompilerThread0"         daemon [_thread_in_native, id=10324, stack(0x000000f9a0d00000,0x000000f9a0e00000) (1024K)]
  0x0000025e926a7760 JavaThread "C1 CompilerThread0"         daemon [_thread_blocked, id=11584, stack(0x000000f9a0e00000,0x000000f9a0f00000) (1024K)]
  0x0000025e928721d0 JavaThread "Common-Cleaner"             daemon [_thread_blocked, id=16496, stack(0x000000f9a0f00000,0x000000f9a1000000) (1024K)]
  0x0000025e929df5c0 JavaThread "Notification Thread"        daemon [_thread_blocked, id=10524, stack(0x000000f9a1200000,0x000000f9a1300000) (1024K)]
  0x0000025e9365f360 JavaThread "Active Thread: Equinox Container: 3e4f1488-3eaf-422e-b3bb-a860dfb834ca"        [_thread_blocked, id=11632, stack(0x000000f9a1900000,0x000000f9a1a00000) (1024K)]
  0x0000025e93a901b0 JavaThread "Refresh Thread: Equinox Container: 3e4f1488-3eaf-422e-b3bb-a860dfb834ca" daemon [_thread_blocked, id=13372, stack(0x000000f9a1b00000,0x000000f9a1c00000) (1024K)]
  0x0000025e981d25d0 JavaThread "Framework Event Dispatcher: Equinox Container: 3e4f1488-3eaf-422e-b3bb-a860dfb834ca" daemon [_thread_blocked, id=12916, stack(0x000000f9a1c00000,0x000000f9a1d00000) (1024K)]
  0x0000025e981d3820 JavaThread "Start Level: Equinox Container: 3e4f1488-3eaf-422e-b3bb-a860dfb834ca" daemon [_thread_blocked, id=13056, stack(0x000000f9a1d00000,0x000000f9a1e00000) (1024K)]
  0x0000025e98234430 JavaThread "Bundle File Closer"         daemon [_thread_blocked, id=13172, stack(0x000000f9a2000000,0x000000f9a2100000) (1024K)]
  0x0000025e929c3200 JavaThread "SCR Component Actor"        daemon [_thread_blocked, id=6076, stack(0x000000f9a1000000,0x000000f9a1100000) (1024K)]
  0x0000025e928953b0 JavaThread "Worker-JM"                         [_thread_blocked, id=8184, stack(0x000000f9a2200000,0x000000f9a2300000) (1024K)]
  0x0000025e93c60ec0 JavaThread "JNA Cleaner"                daemon [_thread_blocked, id=5936, stack(0x000000f9a1100000,0x000000f9a1200000) (1024K)]
  0x0000025e93c61550 JavaThread "Worker-0"                          [_thread_blocked, id=5080, stack(0x000000f9a2100000,0x000000f9a2200000) (1024K)]
  0x0000025e93c5f480 JavaThread "Worker-1"                          [_thread_blocked, id=18864, stack(0x000000f9a2300000,0x000000f9a2400000) (1024K)]
=>0x0000025e926aa040 JavaThread "C2 CompilerThread1"         daemon [_thread_in_native, id=17940, stack(0x000000f9a2400000,0x000000f9a2500000) (1024K)]
  0x0000025e93c5fb10 JavaThread "Worker-2"                          [_thread_blocked, id=4780, stack(0x000000f9a2500000,0x000000f9a2600000) (1024K)]
  0x0000025e93c62270 JavaThread "Java indexing"              daemon [_thread_blocked, id=2964, stack(0x000000f9a2700000,0x000000f9a2800000) (1024K)]
  0x0000025e93c61be0 JavaThread "Worker-3: Initialize workspace"        [_thread_in_Java, id=17452, stack(0x000000f9a2800000,0x000000f9a2900000) (1024K)]
  0x0000025e93c601a0 JavaThread "Worker-4"                          [_thread_blocked, id=16720, stack(0x000000f9a2900000,0x000000f9a2a00000) (1024K)]
  0x0000025e93c62900 JavaThread "Worker-5"                          [_thread_blocked, id=18052, stack(0x000000f9a2c00000,0x000000f9a2d00000) (1024K)]
  0x0000025e9b166590 JavaThread "Thread-1"                   daemon [_thread_in_native, id=18028, stack(0x000000f9a2d00000,0x000000f9a2e00000) (1024K)]
  0x0000025e9b1672b0 JavaThread "Thread-2"                   daemon [_thread_in_native, id=19172, stack(0x000000f9a2e00000,0x000000f9a2f00000) (1024K)]
  0x0000025e9b168660 JavaThread "Thread-3"                   daemon [_thread_in_native, id=15260, stack(0x000000f9a2f00000,0x000000f9a3000000) (1024K)]
  0x0000025e9b165870 JavaThread "Thread-4"                   daemon [_thread_in_native, id=16524, stack(0x000000f9a3000000,0x000000f9a3100000) (1024K)]
  0x0000025e9b167940 JavaThread "Thread-5"                   daemon [_thread_in_native, id=13160, stack(0x000000f9a3100000,0x000000f9a3200000) (1024K)]
  0x0000025e9b169380 JavaThread "Thread-6"                   daemon [_thread_in_native, id=12360, stack(0x000000f9a3200000,0x000000f9a3300000) (1024K)]
  0x0000025e9b166c20 JavaThread "Thread-7"                   daemon [_thread_in_native, id=1616, stack(0x000000f9a3300000,0x000000f9a3400000) (1024K)]
  0x0000025e9b165f00 JavaThread "Thread-8"                   daemon [_thread_in_native, id=17552, stack(0x000000f9a3400000,0x000000f9a3500000) (1024K)]
  0x0000025e9b16a730 JavaThread "Thread-9"                   daemon [_thread_in_native, id=3476, stack(0x000000f9a3500000,0x000000f9a3600000) (1024K)]
  0x0000025e9b167fd0 JavaThread "Thread-10"                  daemon [_thread_in_native, id=18288, stack(0x000000f9a3600000,0x000000f9a3700000) (1024K)]
  0x0000025e9b16adc0 JavaThread "Thread-11"                  daemon [_thread_in_native, id=3320, stack(0x000000f9a3700000,0x000000f9a3800000) (1024K)]
  0x0000025e9b168cf0 JavaThread "Thread-12"                  daemon [_thread_in_native, id=16132, stack(0x000000f9a3800000,0x000000f9a3900000) (1024K)]
  0x0000025e9b16bae0 JavaThread "Thread-13"                  daemon [_thread_in_native, id=9444, stack(0x000000f9a3900000,0x000000f9a3a00000) (1024K)]
  0x0000025e9b16c170 JavaThread "pool-2-thread-1"                   [_thread_blocked, id=17172, stack(0x000000f9a3a00000,0x000000f9a3b00000) (1024K)]
  0x0000025e9b16b450 JavaThread "WorkspaceEventsHandler"            [_thread_blocked, id=18060, stack(0x000000f9a3b00000,0x000000f9a3c00000) (1024K)]
  0x0000025e9b16c800 JavaThread "pool-1-thread-1"                   [_thread_blocked, id=12936, stack(0x000000f9a3c00000,0x000000f9a3d00000) (1024K)]
  0x0000025e9b16ce90 JavaThread "LocalFile Deleter"          daemon [_thread_blocked, id=18040, stack(0x000000f9a3d00000,0x000000f9a3e00000) (1024K)]
  0x0000025e9b169a10 JavaThread "LocalFile Deleter"          daemon [_thread_blocked, id=9960, stack(0x000000f9a3e00000,0x000000f9a3f00000) (1024K)]
  0x0000025e9b16a0a0 JavaThread "LocalFile Deleter"          daemon [_thread_blocked, id=17504, stack(0x000000f9a3f00000,0x000000f9a4000000) (1024K)]
  0x0000025e9ad90a10 JavaThread "LocalFile Deleter"          daemon [_thread_blocked, id=13508, stack(0x000000f9a4000000,0x000000f9a4100000) (1024K)]
  0x0000025e9ad8dc20 JavaThread "LocalFile Deleter"          daemon [_thread_blocked, id=16668, stack(0x000000f9a4100000,0x000000f9a4200000) (1024K)]
  0x0000025e9ad91730 JavaThread "LocalFile Deleter"          daemon [_thread_blocked, id=7760, stack(0x000000f9a4200000,0x000000f9a4300000) (1024K)]
  0x0000025e9ad910a0 JavaThread "LocalFile Deleter"          daemon [_thread_blocked, id=8572, stack(0x000000f9a4300000,0x000000f9a4400000) (1024K)]
  0x0000025e9ad8e2b0 JavaThread "LocalFile Deleter"          daemon [_thread_blocked, id=3356, stack(0x000000f9a4400000,0x000000f9a4500000) (1024K)]
  0x0000025e9ad91dc0 JavaThread "LocalFile Deleter"          daemon [_thread_blocked, id=10520, stack(0x000000f9a4500000,0x000000f9a4600000) (1024K)]
  0x0000025e9ad8efd0 JavaThread "Compiler Source File Reader" daemon [_thread_blocked, id=11872, stack(0x000000f9a4600000,0x000000f9a4700000) (1024K)]
  0x0000025e9ad8e940 JavaThread "Compiler Source File Reader" daemon [_thread_blocked, id=16352, stack(0x000000f9a4700000,0x000000f9a4800000) (1024K)]
  0x0000025e9ad92450 JavaThread "Compiler Source File Reader" daemon [_thread_blocked, id=13192, stack(0x000000f9a4800000,0x000000f9a4900000) (1024K)]
  0x0000025e9ad8f660 JavaThread "Compiler Source File Reader" daemon [_thread_blocked, id=8056, stack(0x000000f9a4900000,0x000000f9a4a00000) (1024K)]
  0x0000025e9ad93170 JavaThread "Compiler Source File Reader" daemon [_thread_blocked, id=19384, stack(0x000000f9a4a00000,0x000000f9a4b00000) (1024K)]
  0x0000025e9ad92ae0 JavaThread "Compiler Processing Task"   daemon [_thread_blocked, id=14264, stack(0x000000f9a4b00000,0x000000f9a4c00000) (1024K)]
  0x0000025e9ad90380 JavaThread "Compiler Class File Writer" daemon [_thread_blocked, id=13336, stack(0x000000f9a4c00000,0x000000f9a4d00000) (1024K)]
  0x0000025e9ad94520 JavaThread "Compiler Class File Writer" daemon [_thread_blocked, id=18520, stack(0x000000f9a4d00000,0x000000f9a4e00000) (1024K)]
  0x0000025e9ad93e90 JavaThread "Compiler Class File Writer" daemon [_thread_blocked, id=14464, stack(0x000000f9a4e00000,0x000000f9a4f00000) (1024K)]
  0x0000025e9ad94bb0 JavaThread "Compiler Class File Writer" daemon [_thread_blocked, id=3192, stack(0x000000f9a4f00000,0x000000f9a5000000) (1024K)]
  0x0000025e9ad95240 JavaThread "Compiler Class File Writer" daemon [_thread_blocked, id=18580, stack(0x000000f9a5000000,0x000000f9a5100000) (1024K)]
  0x0000025e99742360 JavaThread "Compiler Source File Reader" daemon [_thread_blocked, id=15244, stack(0x000000f9a5100000,0x000000f9a5200000) (1024K)]
  0x0000025e99740fb0 JavaThread "Compiler Class File Writer" daemon [_thread_blocked, id=7708, stack(0x000000f9a5200000,0x000000f9a5300000) (1024K)]
  0x0000025e9973f570 JavaThread "LocalFile Deleter"          daemon [_thread_blocked, id=8952, stack(0x000000f9a5300000,0x000000f9a5400000) (1024K)]
  0x0000025e9973fc00 JavaThread "LocalFile Deleter"          daemon [_thread_blocked, id=17712, stack(0x000000f9a5400000,0x000000f9a5500000) (1024K)]
  0x0000025e99740290 JavaThread "LocalFile Deleter"          daemon [_thread_blocked, id=18372, stack(0x000000f9a5500000,0x000000f9a5600000) (1024K)]
  0x0000025e99740920 JavaThread "Compiler Source File Reader" daemon [_thread_blocked, id=19168, stack(0x000000f9a5600000,0x000000f9a5700000) (1024K)]
  0x0000025e99741cd0 JavaThread "Compiler Source File Reader" daemon [_thread_blocked, id=3116, stack(0x000000f9a5700000,0x000000f9a5800000) (1024K)]
  0x0000025e99741640 JavaThread "Compiler Source File Reader" daemon [_thread_blocked, id=17792, stack(0x000000f9a5800000,0x000000f9a5900000) (1024K)]
  0x0000025e997429f0 JavaThread "Compiler Source File Reader" daemon [_thread_blocked, id=18824, stack(0x000000f9a5900000,0x000000f9a5a00000) (1024K)]
  0x0000025e93c60830 JavaThread "Compiler Class File Writer" daemon [_thread_blocked, id=13900, stack(0x000000f9a5a00000,0x000000f9a5b00000) (1024K)]
  0x0000025e9b438e40 JavaThread "Compiler Class File Writer" daemon [_thread_blocked, id=19000, stack(0x000000f9a5b00000,0x000000f9a5c00000) (1024K)]
  0x0000025e9b4366e0 JavaThread "Compiler Class File Writer" daemon [_thread_blocked, id=13228, stack(0x000000f9a5c00000,0x000000f9a5d00000) (1024K)]
  0x0000025e9b4387b0 JavaThread "Compiler Class File Writer" daemon [_thread_blocked, id=18996, stack(0x000000f9a5d00000,0x000000f9a5e00000) (1024K)]
  0x0000025e9b4359c0 JavaThread "ForkJoinPool.commonPool-worker-1" daemon [_thread_blocked, id=4460, stack(0x000000f9a5e00000,0x000000f9a5f00000) (1024K)]
  0x0000025e9b437400 JavaThread "ForkJoinPool.commonPool-worker-2" daemon [_thread_blocked, id=12748, stack(0x000000f9a2600000,0x000000f9a2700000) (1024K)]
  0x0000025e9b437a90 JavaThread "ForkJoinPool.commonPool-worker-3" daemon [_thread_blocked, id=18808, stack(0x000000f9a5f00000,0x000000f9a6000000) (1024K)]
  0x0000025ea5ddaa40 JavaThread "ForkJoinPool.commonPool-worker-4" daemon [_thread_blocked, id=18260, stack(0x000000f9a6000000,0x000000f9a6100000) (1024K)]
  0x0000025ea5ddb760 JavaThread "ForkJoinPool.commonPool-worker-5" daemon [_thread_blocked, id=1148, stack(0x000000f9a6100000,0x000000f9a6200000) (1024K)]
  0x0000025ea5ddcb10 JavaThread "ForkJoinPool.commonPool-worker-6" daemon [_thread_in_native, id=9204, stack(0x000000f9a6200000,0x000000f9a6300000) (1024K)]
  0x0000025ea5dd9d20 JavaThread "ForkJoinPool.commonPool-worker-7" daemon [_thread_blocked, id=9828, stack(0x000000f9a6300000,0x000000f9a6400000) (1024K)]
  0x0000025ea5ddb0d0 JavaThread "ForkJoinPool.commonPool-worker-8" daemon [_thread_blocked, id=9528, stack(0x000000f9a6400000,0x000000f9a6500000) (1024K)]
  0x0000025ea5dda3b0 JavaThread "ForkJoinPool.commonPool-worker-9" daemon [_thread_blocked, id=3796, stack(0x000000f9a6500000,0x000000f9a6600000) (1024K)]
  0x0000025ea5ddbdf0 JavaThread "ForkJoinPool.commonPool-worker-10" daemon [_thread_in_native, id=19336, stack(0x000000f9a6600000,0x000000f9a6700000) (1024K)]
  0x0000025ea5dd9690 JavaThread "ForkJoinPool.commonPool-worker-11" daemon [_thread_blocked, id=3212, stack(0x000000f9a6700000,0x000000f9a6800000) (1024K)]
  0x0000025e99b878f0 JavaThread "C2 CompilerThread2"         daemon [_thread_in_native, id=9792, stack(0x000000f9a6800000,0x000000f9a6900000) (1024K)]
  0x0000025ea5ddc480 JavaThread "Cleaner-0"                  daemon [_thread_blocked, id=17808, stack(0x000000f9a6900000,0x000000f9a6a00000) (1024K)]
Total: 89

Other Threads:
  0x0000025e92680090 VMThread "VM Thread"                           [id=17604, stack(0x000000f9a0600000,0x000000f9a0700000) (1024K)]
  0x0000025e3981d1d0 WatcherThread "VM Periodic Task Thread"        [id=17556, stack(0x000000f9a0500000,0x000000f9a0600000) (1024K)]
  0x0000025e397ccc50 WorkerThread "GC Thread#0"                     [id=17832, stack(0x000000f9a0400000,0x000000f9a0500000) (1024K)]
  0x0000025e93afbf30 WorkerThread "GC Thread#1"                     [id=16172, stack(0x000000f9a1300000,0x000000f9a1400000) (1024K)]
  0x0000025e93cacb00 WorkerThread "GC Thread#2"                     [id=9232, stack(0x000000f9a1400000,0x000000f9a1500000) (1024K)]
  0x0000025e93caceb0 WorkerThread "GC Thread#3"                     [id=4428, stack(0x000000f9a1500000,0x000000f9a1600000) (1024K)]
  0x0000025e93ae1fd0 WorkerThread "GC Thread#4"                     [id=2664, stack(0x000000f9a1600000,0x000000f9a1700000) (1024K)]
  0x0000025e93ae2380 WorkerThread "GC Thread#5"                     [id=10916, stack(0x000000f9a1700000,0x000000f9a1800000) (1024K)]
  0x0000025e93ae1110 WorkerThread "GC Thread#6"                     [id=3360, stack(0x000000f9a1800000,0x000000f9a1900000) (1024K)]
  0x0000025e93ae14c0 WorkerThread "GC Thread#7"                     [id=18264, stack(0x000000f9a1a00000,0x000000f9a1b00000) (1024K)]
  0x0000025e93ae1870 WorkerThread "GC Thread#8"                     [id=17668, stack(0x000000f9a1e00000,0x000000f9a1f00000) (1024K)]
  0x0000025e9877a360 WorkerThread "GC Thread#9"                     [id=1644, stack(0x000000f9a1f00000,0x000000f9a2000000) (1024K)]
Total: 12

Threads with active compile tasks:
C2 CompilerThread0  43645 15773       4       java.lang.invoke.DirectMethodHandle::make (275 bytes)
C2 CompilerThread1  43645 15198   !   4       org.eclipse.jdt.internal.core.JarPackageFragmentRoot::computeChildren (606 bytes)
C2 CompilerThread2  43645 15783       4       java.lang.invoke.DirectMethodHandle::make (21 bytes)
Total: 3

VM state: not at safepoint (normal execution)

VM Mutex/Monitor currently owned by a thread: None

Heap address: 0x0000000080000000, size: 2048 MB, Compressed Oops mode: 32-bit

CDS archive(s) mapped at: [0x0000025e51000000-0x0000025e51ba0000-0x0000025e51ba0000), size 12189696, SharedBaseAddress: 0x0000025e51000000, ArchiveRelocationMode: 1.
Compressed class space mapped at: 0x0000025e52000000-0x0000025e92000000, reserved size: 1073741824
Narrow klass base: 0x0000025e51000000, Narrow klass shift: 0, Narrow klass range: 0x100000000

GC Precious Log:
 CardTable entry size: 512
 CPUs: 12 total, 12 available
 Memory: 7830M
 Large Page Support: Disabled
 NUMA Support: Disabled
 Compressed Oops: Enabled (32-bit)
 Alignments: Space 512K, Generation 512K, Heap 2M
 Heap Min Capacity: 100M
 Heap Initial Capacity: 100M
 Heap Max Capacity: 2G
 Pre-touch: Disabled
 Parallel Workers: 10

Heap:
 PSYoungGen      total 9216K, used 1769K [0x00000000d5580000, 0x00000000d6100000, 0x0000000100000000)
  eden space 8704K, 14% used [0x00000000d5580000,0x00000000d56ba668,0x00000000d5e00000)
  from space 512K, 100% used [0x00000000d5f80000,0x00000000d6000000,0x00000000d6000000)
  to   space 1536K, 0% used [0x00000000d5e00000,0x00000000d5e00000,0x00000000d5f80000)
 ParOldGen       total 283648K, used 283245K [0x0000000080000000, 0x0000000091500000, 0x00000000d5580000)
  object space 283648K, 99% used [0x0000000080000000,0x000000009149b5c0,0x0000000091500000)
 Metaspace       used 71309K, committed 73024K, reserved 1114112K
  class space    used 7420K, committed 8128K, reserved 1048576K

Card table byte_map: [0x0000025e39150000,0x0000025e39560000] _byte_map_base: 0x0000025e38d50000

Marking Bits: (ParMarkBitMap*) 0x00007fffc65d3450
 Begin Bits: [0x0000025e4bc60000, 0x0000025e4dc60000)
 End Bits:   [0x0000025e4dc60000, 0x0000025e4fc60000)

Polling page: 0x0000025e37780000

Metaspace:

Usage:
  Non-class:     62.39 MB used.
      Class:      7.25 MB used.
       Both:     69.64 MB used.

Virtual space:
  Non-class space:       64.00 MB reserved,      63.38 MB (>99%) committed,  1 nodes.
      Class space:        1.00 GB reserved,       7.94 MB ( <1%) committed,  1 nodes.
             Both:        1.06 GB reserved,      71.31 MB (  7%) committed. 

Chunk freelists:
   Non-Class:  256.00 KB
       Class:  8.04 MB
        Both:  8.29 MB

MaxMetaspaceSize: unlimited
CompressedClassSpaceSize: 1.00 GB
Initial GC threshold: 21.00 MB
Current GC threshold: 97.31 MB
CDS: on
 - commit_granule_bytes: 65536.
 - commit_granule_words: 8192.
 - virtual_space_node_default_size: 8388608.
 - enlarge_chunks_in_place: 1.
 - use_allocation_guard: 0.


Internal statistics:

num_allocs_failed_limit: 11.
num_arena_births: 1300.
num_arena_deaths: 22.
num_vsnodes_births: 2.
num_vsnodes_deaths: 0.
num_space_committed: 1141.
num_space_uncommitted: 0.
num_chunks_returned_to_freelist: 37.
num_chunks_taken_from_freelist: 4969.
num_chunk_merges: 17.
num_chunk_splits: 2910.
num_chunks_enlarged: 1443.
num_inconsistent_stats: 0.

CodeHeap 'non-profiled nmethods': size=120000Kb used=9130Kb max_used=9130Kb free=110869Kb
 bounds [0x0000025e44480000, 0x0000025e44d70000, 0x0000025e4b9b0000]
CodeHeap 'profiled nmethods': size=120000Kb used=30952Kb max_used=30952Kb free=89047Kb
 bounds [0x0000025e3c9b0000, 0x0000025e3e7f0000, 0x0000025e43ee0000]
CodeHeap 'non-nmethods': size=5760Kb used=1464Kb max_used=1540Kb free=4295Kb
 bounds [0x0000025e43ee0000, 0x0000025e44150000, 0x0000025e44480000]
CodeCache: size=245760Kb, used=41546Kb, max_used=41622Kb, free=204211Kb
 total_blobs=15066, nmethods=14294, adapters=676, full_count=0
Compilation: enabled, stopped_count=0, restarted_count=0

Compilation events (20 events):
Event: 43.220 Thread 0x0000025e926a2fa0 nmethod 15775 0x0000025e44d63290 code [0x0000025e44d63440, 0x0000025e44d636d0]
Event: 43.220 Thread 0x0000025e926a2fa0 15779       4       java.util.Arrays::copyOfRange (90 bytes)
Event: 43.223 Thread 0x0000025e99b878f0 nmethod 15771 0x0000025e44d63990 code [0x0000025e44d63cc0, 0x0000025e44d65118]
Event: 43.225 Thread 0x0000025e99b878f0 15778   !   4       java.lang.invoke.BoundMethodHandle$Species_L::copyWithExtendL (31 bytes)
Event: 43.228 Thread 0x0000025e926a2fa0 nmethod 15779 0x0000025e44d66190 code [0x0000025e44d66340, 0x0000025e44d66878]
Event: 43.228 Thread 0x0000025e926a2fa0 15772       4       java.lang.invoke.DelegatingMethodHandle::whichKind (44 bytes)
Event: 43.229 Thread 0x0000025e926a2fa0 nmethod 15772 0x0000025e44d66b10 code [0x0000025e44d66ca0, 0x0000025e44d66d38]
Event: 43.229 Thread 0x0000025e926a2fa0 15780       4       java.lang.invoke.DirectMethodHandle::rebind (5 bytes)
Event: 43.232 Thread 0x0000025e99b878f0 nmethod 15778 0x0000025e44d66e10 code [0x0000025e44d66fe0, 0x0000025e44d67338]
Event: 43.232 Thread 0x0000025e99b878f0 15777       4       java.lang.invoke.BoundMethodHandle::makeReinvoker (27 bytes)
Event: 43.236 Thread 0x0000025e926a2fa0 nmethod 15780 0x0000025e44d67710 code [0x0000025e44d678e0, 0x0000025e44d67b80]
Event: 43.236 Thread 0x0000025e926a2fa0 15773       4       java.lang.invoke.DirectMethodHandle::make (275 bytes)
Event: 43.238 Thread 0x0000025e99b878f0 nmethod 15777 0x0000025e44d67f10 code [0x0000025e44d680e0, 0x0000025e44d68370]
Event: 43.238 Thread 0x0000025e99b878f0 15781       4       java.lang.invoke.MethodType::methodType (44 bytes)
Event: 43.241 Thread 0x0000025e99b878f0 nmethod 15781 0x0000025e44d68690 code [0x0000025e44d68840, 0x0000025e44d68a08]
Event: 43.241 Thread 0x0000025e99b878f0 15537   !   4       org.eclipse.jdt.internal.core.util.DeduplicationUtil::intern (28 bytes)
Event: 43.244 Thread 0x0000025e99b878f0 nmethod 15537 0x0000025e44d68b90 code [0x0000025e44d68d40, 0x0000025e44d69068]
Event: 43.244 Thread 0x0000025e99b878f0 15782       4       java.lang.invoke.DirectMethodHandle$StaticAccessor::<init> (30 bytes)
Event: 43.264 Thread 0x0000025e926a7760 15786       3       com.google.inject.Scopes$2::visitScope (6 bytes)
Event: 43.266 Thread 0x0000025e926a7760 nmethod 15786 0x0000025e3e7e9910 code [0x0000025e3e7e9ae0, 0x0000025e3e7e9d78]

GC Heap History (20 events):
Event: 42.258 GC heap before
{Heap before GC invocations=565 (full 3):
 PSYoungGen      total 11776K, used 11546K [0x00000000d5580000, 0x00000000d6200000, 0x0000000100000000)
  eden space 10752K, 99% used [0x00000000d5580000,0x00000000d5ffc478,0x00000000d6000000)
  from space 1024K, 79% used [0x00000000d6000000,0x00000000d60ca400,0x00000000d6100000)
  to   space 1024K, 0% used [0x00000000d6100000,0x00000000d6100000,0x00000000d6200000)
 ParOldGen       total 278528K, used 278150K [0x0000000080000000, 0x0000000091000000, 0x00000000d5580000)
  object space 278528K, 99% used [0x0000000080000000,0x0000000090fa1a60,0x0000000091000000)
 Metaspace       used 69563K, committed 71232K, reserved 1114112K
  class space    used 7288K, committed 8000K, reserved 1048576K
}
Event: 42.263 GC heap after
{Heap after GC invocations=565 (full 3):
 PSYoungGen      total 11776K, used 686K [0x00000000d5580000, 0x00000000d6200000, 0x0000000100000000)
  eden space 10752K, 0% used [0x00000000d5580000,0x00000000d5580000,0x00000000d6000000)
  from space 1024K, 67% used [0x00000000d6100000,0x00000000d61ab9f0,0x00000000d6200000)
  to   space 1024K, 0% used [0x00000000d6000000,0x00000000d6000000,0x00000000d6100000)
 ParOldGen       total 279040K, used 278780K [0x0000000080000000, 0x0000000091080000, 0x00000000d5580000)
  object space 279040K, 99% used [0x0000000080000000,0x000000009103f0f0,0x0000000091080000)
 Metaspace       used 69563K, committed 71232K, reserved 1114112K
  class space    used 7288K, committed 8000K, reserved 1048576K
}
Event: 42.306 GC heap before
{Heap before GC invocations=566 (full 3):
 PSYoungGen      total 11776K, used 11438K [0x00000000d5580000, 0x00000000d6200000, 0x0000000100000000)
  eden space 10752K, 100% used [0x00000000d5580000,0x00000000d6000000,0x00000000d6000000)
  from space 1024K, 67% used [0x00000000d6100000,0x00000000d61ab9f0,0x00000000d6200000)
  to   space 1024K, 0% used [0x00000000d6000000,0x00000000d6000000,0x00000000d6100000)
 ParOldGen       total 279040K, used 278780K [0x0000000080000000, 0x0000000091080000, 0x00000000d5580000)
  object space 279040K, 99% used [0x0000000080000000,0x000000009103f0f0,0x0000000091080000)
 Metaspace       used 69629K, committed 71296K, reserved 1114112K
  class space    used 7291K, committed 8000K, reserved 1048576K
}
Event: 42.309 GC heap after
{Heap after GC invocations=566 (full 3):
 PSYoungGen      total 11776K, used 892K [0x00000000d5580000, 0x00000000d6200000, 0x0000000100000000)
  eden space 10752K, 0% used [0x00000000d5580000,0x00000000d5580000,0x00000000d6000000)
  from space 1024K, 87% used [0x00000000d6000000,0x00000000d60df2f0,0x00000000d6100000)
  to   space 1024K, 0% used [0x00000000d6100000,0x00000000d6100000,0x00000000d6200000)
 ParOldGen       total 279040K, used 279000K [0x0000000080000000, 0x0000000091080000, 0x00000000d5580000)
  object space 279040K, 99% used [0x0000000080000000,0x0000000091076300,0x0000000091080000)
 Metaspace       used 69629K, committed 71296K, reserved 1114112K
  class space    used 7291K, committed 8000K, reserved 1048576K
}
Event: 42.351 GC heap before
{Heap before GC invocations=567 (full 3):
 PSYoungGen      total 11776K, used 11644K [0x00000000d5580000, 0x00000000d6200000, 0x0000000100000000)
  eden space 10752K, 100% used [0x00000000d5580000,0x00000000d6000000,0x00000000d6000000)
  from space 1024K, 87% used [0x00000000d6000000,0x00000000d60df2f0,0x00000000d6100000)
  to   space 1024K, 0% used [0x00000000d6100000,0x00000000d6100000,0x00000000d6200000)
 ParOldGen       total 279040K, used 279000K [0x0000000080000000, 0x0000000091080000, 0x00000000d5580000)
  object space 279040K, 99% used [0x0000000080000000,0x0000000091076300,0x0000000091080000)
 Metaspace       used 69688K, committed 71360K, reserved 1114112K
  class space    used 7295K, committed 8000K, reserved 1048576K
}
Event: 42.355 GC heap after
{Heap after GC invocations=567 (full 3):
 PSYoungGen      total 11776K, used 917K [0x00000000d5580000, 0x00000000d6200000, 0x0000000100000000)
  eden space 10752K, 0% used [0x00000000d5580000,0x00000000d5580000,0x00000000d6000000)
  from space 1024K, 89% used [0x00000000d6100000,0x00000000d61e57a0,0x00000000d6200000)
  to   space 1024K, 0% used [0x00000000d6000000,0x00000000d6000000,0x00000000d6100000)
 ParOldGen       total 280064K, used 279581K [0x0000000080000000, 0x0000000091180000, 0x00000000d5580000)
  object space 280064K, 99% used [0x0000000080000000,0x0000000091107510,0x0000000091180000)
 Metaspace       used 69688K, committed 71360K, reserved 1114112K
  class space    used 7295K, committed 8000K, reserved 1048576K
}
Event: 42.407 GC heap before
{Heap before GC invocations=568 (full 3):
 PSYoungGen      total 11776K, used 11582K [0x00000000d5580000, 0x00000000d6200000, 0x0000000100000000)
  eden space 10752K, 99% used [0x00000000d5580000,0x00000000d5fea230,0x00000000d6000000)
  from space 1024K, 89% used [0x00000000d6100000,0x00000000d61e57a0,0x00000000d6200000)
  to   space 1024K, 0% used [0x00000000d6000000,0x00000000d6000000,0x00000000d6100000)
 ParOldGen       total 280064K, used 279581K [0x0000000080000000, 0x0000000091180000, 0x00000000d5580000)
  object space 280064K, 99% used [0x0000000080000000,0x0000000091107510,0x0000000091180000)
 Metaspace       used 69829K, committed 71488K, reserved 1114112K
  class space    used 7304K, committed 8000K, reserved 1048576K
}
Event: 42.411 GC heap after
{Heap after GC invocations=568 (full 3):
 PSYoungGen      total 11776K, used 448K [0x00000000d5580000, 0x00000000d6200000, 0x0000000100000000)
  eden space 10752K, 0% used [0x00000000d5580000,0x00000000d5580000,0x00000000d6000000)
  from space 1024K, 43% used [0x00000000d6000000,0x00000000d6070000,0x00000000d6100000)
  to   space 1024K, 0% used [0x00000000d6100000,0x00000000d6100000,0x00000000d6200000)
 ParOldGen       total 280064K, used 279889K [0x0000000080000000, 0x0000000091180000, 0x00000000d5580000)
  object space 280064K, 99% used [0x0000000080000000,0x0000000091154710,0x0000000091180000)
 Metaspace       used 69829K, committed 71488K, reserved 1114112K
  class space    used 7304K, committed 8000K, reserved 1048576K
}
Event: 42.477 GC heap before
{Heap before GC invocations=569 (full 3):
 PSYoungGen      total 11776K, used 11200K [0x00000000d5580000, 0x00000000d6200000, 0x0000000100000000)
  eden space 10752K, 100% used [0x00000000d5580000,0x00000000d6000000,0x00000000d6000000)
  from space 1024K, 43% used [0x00000000d6000000,0x00000000d6070000,0x00000000d6100000)
  to   space 1024K, 0% used [0x00000000d6100000,0x00000000d6100000,0x00000000d6200000)
 ParOldGen       total 280064K, used 279889K [0x0000000080000000, 0x0000000091180000, 0x00000000d5580000)
  object space 280064K, 99% used [0x0000000080000000,0x0000000091154710,0x0000000091180000)
 Metaspace       used 69949K, committed 71616K, reserved 1114112K
  class space    used 7317K, committed 8000K, reserved 1048576K
}
Event: 42.482 GC heap after
{Heap after GC invocations=569 (full 3):
 PSYoungGen      total 11264K, used 1019K [0x00000000d5580000, 0x00000000d6300000, 0x0000000100000000)
  eden space 10240K, 0% used [0x00000000d5580000,0x00000000d5580000,0x00000000d5f80000)
  from space 1024K, 99% used [0x00000000d6100000,0x00000000d61fec00,0x00000000d6200000)
  to   space 1536K, 0% used [0x00000000d5f80000,0x00000000d5f80000,0x00000000d6100000)
 ParOldGen       total 280064K, used 280057K [0x0000000080000000, 0x0000000091180000, 0x00000000d5580000)
  object space 280064K, 99% used [0x0000000080000000,0x000000009117e710,0x0000000091180000)
 Metaspace       used 69949K, committed 71616K, reserved 1114112K
  class space    used 7317K, committed 8000K, reserved 1048576K
}
Event: 42.536 GC heap before
{Heap before GC invocations=570 (full 3):
 PSYoungGen      total 11264K, used 11259K [0x00000000d5580000, 0x00000000d6300000, 0x0000000100000000)
  eden space 10240K, 100% used [0x00000000d5580000,0x00000000d5f80000,0x00000000d5f80000)
  from space 1024K, 99% used [0x00000000d6100000,0x00000000d61fec00,0x00000000d6200000)
  to   space 1536K, 0% used [0x00000000d5f80000,0x00000000d5f80000,0x00000000d6100000)
 ParOldGen       total 280064K, used 280057K [0x0000000080000000, 0x0000000091180000, 0x00000000d5580000)
  object space 280064K, 99% used [0x0000000080000000,0x000000009117e710,0x0000000091180000)
 Metaspace       used 70042K, committed 71680K, reserved 1114112K
  class space    used 7322K, committed 8000K, reserved 1048576K
}
Event: 42.542 GC heap after
{Heap after GC invocations=570 (full 3):
 PSYoungGen      total 11264K, used 884K [0x00000000d5580000, 0x00000000d6180000, 0x0000000100000000)
  eden space 10240K, 0% used [0x00000000d5580000,0x00000000d5580000,0x00000000d5f80000)
  from space 1024K, 86% used [0x00000000d5f80000,0x00000000d605d200,0x00000000d6080000)
  to   space 1024K, 0% used [0x00000000d6080000,0x00000000d6080000,0x00000000d6180000)
 ParOldGen       total 281088K, used 280768K [0x0000000080000000, 0x0000000091280000, 0x00000000d5580000)
  object space 281088K, 99% used [0x0000000080000000,0x0000000091230230,0x0000000091280000)
 Metaspace       used 70042K, committed 71680K, reserved 1114112K
  class space    used 7322K, committed 8000K, reserved 1048576K
}
Event: 42.638 GC heap before
{Heap before GC invocations=571 (full 3):
 PSYoungGen      total 11264K, used 11081K [0x00000000d5580000, 0x00000000d6180000, 0x0000000100000000)
  eden space 10240K, 99% used [0x00000000d5580000,0x00000000d5f753a8,0x00000000d5f80000)
  from space 1024K, 86% used [0x00000000d5f80000,0x00000000d605d200,0x00000000d6080000)
  to   space 1024K, 0% used [0x00000000d6080000,0x00000000d6080000,0x00000000d6180000)
 ParOldGen       total 281088K, used 280768K [0x0000000080000000, 0x0000000091280000, 0x00000000d5580000)
  object space 281088K, 99% used [0x0000000080000000,0x0000000091230230,0x0000000091280000)
 Metaspace       used 70245K, committed 71872K, reserved 1114112K
  class space    used 7329K, committed 8000K, reserved 1048576K
}
Event: 42.644 GC heap after
{Heap after GC invocations=571 (full 3):
 PSYoungGen      total 9728K, used 1009K [0x00000000d5580000, 0x00000000d6480000, 0x0000000100000000)
  eden space 8704K, 0% used [0x00000000d5580000,0x00000000d5580000,0x00000000d5e00000)
  from space 1024K, 98% used [0x00000000d6080000,0x00000000d617c4d8,0x00000000d6180000)
  to   space 2560K, 0% used [0x00000000d5e00000,0x00000000d5e00000,0x00000000d6080000)
 ParOldGen       total 282112K, used 281957K [0x0000000080000000, 0x0000000091380000, 0x00000000d5580000)
  object space 282112K, 99% used [0x0000000080000000,0x0000000091359580,0x0000000091380000)
 Metaspace       used 70245K, committed 71872K, reserved 1114112K
  class space    used 7329K, committed 8000K, reserved 1048576K
}
Event: 42.731 GC heap before
{Heap before GC invocations=572 (full 3):
 PSYoungGen      total 9728K, used 9664K [0x00000000d5580000, 0x00000000d6480000, 0x0000000100000000)
  eden space 8704K, 99% used [0x00000000d5580000,0x00000000d5df3c58,0x00000000d5e00000)
  from space 1024K, 98% used [0x00000000d6080000,0x00000000d617c4d8,0x00000000d6180000)
  to   space 2560K, 0% used [0x00000000d5e00000,0x00000000d5e00000,0x00000000d6080000)
 ParOldGen       total 282112K, used 281957K [0x0000000080000000, 0x0000000091380000, 0x00000000d5580000)
  object space 282112K, 99% used [0x0000000080000000,0x0000000091359580,0x0000000091380000)
 Metaspace       used 70405K, committed 72064K, reserved 1114112K
  class space    used 7351K, committed 8064K, reserved 1048576K
}
Event: 42.735 GC heap after
{Heap after GC invocations=572 (full 3):
 PSYoungGen      total 9216K, used 468K [0x00000000d5580000, 0x00000000d6100000, 0x0000000100000000)
  eden space 8704K, 0% used [0x00000000d5580000,0x00000000d5580000,0x00000000d5e00000)
  from space 512K, 91% used [0x00000000d5e00000,0x00000000d5e75200,0x00000000d5e80000)
  to   space 1536K, 0% used [0x00000000d5f80000,0x00000000d5f80000,0x00000000d6100000)
 ParOldGen       total 282624K, used 282117K [0x0000000080000000, 0x0000000091400000, 0x00000000d5580000)
  object space 282624K, 99% used [0x0000000080000000,0x0000000091381590,0x0000000091400000)
 Metaspace       used 70405K, committed 72064K, reserved 1114112K
  class space    used 7351K, committed 8064K, reserved 1048576K
}
Event: 42.889 GC heap before
{Heap before GC invocations=573 (full 3):
 PSYoungGen      total 9216K, used 9172K [0x00000000d5580000, 0x00000000d6100000, 0x0000000100000000)
  eden space 8704K, 99% used [0x00000000d5580000,0x00000000d5dffff8,0x00000000d5e00000)
  from space 512K, 91% used [0x00000000d5e00000,0x00000000d5e75200,0x00000000d5e80000)
  to   space 1536K, 0% used [0x00000000d5f80000,0x00000000d5f80000,0x00000000d6100000)
 ParOldGen       total 282624K, used 282117K [0x0000000080000000, 0x0000000091400000, 0x00000000d5580000)
  object space 282624K, 99% used [0x0000000080000000,0x0000000091381590,0x0000000091400000)
 Metaspace       used 70756K, committed 72448K, reserved 1114112K
  class space    used 7378K, committed 8128K, reserved 1048576K
}
Event: 42.892 GC heap after
{Heap after GC invocations=573 (full 3):
 PSYoungGen      total 9728K, used 772K [0x00000000d5580000, 0x00000000d6080000, 0x0000000100000000)
  eden space 8704K, 0% used [0x00000000d5580000,0x00000000d5580000,0x00000000d5e00000)
  from space 1024K, 75% used [0x00000000d5f80000,0x00000000d60413c8,0x00000000d6080000)
  to   space 1024K, 0% used [0x00000000d5e80000,0x00000000d5e80000,0x00000000d5f80000)
 ParOldGen       total 282624K, used 282365K [0x0000000080000000, 0x0000000091400000, 0x00000000d5580000)
  object space 282624K, 99% used [0x0000000080000000,0x00000000913bf590,0x0000000091400000)
 Metaspace       used 70756K, committed 72448K, reserved 1114112K
  class space    used 7378K, committed 8128K, reserved 1048576K
}
Event: 43.026 GC heap before
{Heap before GC invocations=574 (full 3):
 PSYoungGen      total 9728K, used 9476K [0x00000000d5580000, 0x00000000d6080000, 0x0000000100000000)
  eden space 8704K, 99% used [0x00000000d5580000,0x00000000d5dffff0,0x00000000d5e00000)
  from space 1024K, 75% used [0x00000000d5f80000,0x00000000d60413c8,0x00000000d6080000)
  to   space 1024K, 0% used [0x00000000d5e80000,0x00000000d5e80000,0x00000000d5f80000)
 ParOldGen       total 282624K, used 282365K [0x0000000080000000, 0x0000000091400000, 0x00000000d5580000)
  object space 282624K, 99% used [0x0000000080000000,0x00000000913bf590,0x0000000091400000)
 Metaspace       used 70934K, committed 72704K, reserved 1114112K
  class space    used 7387K, committed 8128K, reserved 1048576K
}
Event: 43.029 GC heap after
{Heap after GC invocations=574 (full 3):
 PSYoungGen      total 9728K, used 530K [0x00000000d5580000, 0x00000000d6000000, 0x0000000100000000)
  eden space 8704K, 0% used [0x00000000d5580000,0x00000000d5580000,0x00000000d5e00000)
  from space 1024K, 51% used [0x00000000d5e80000,0x00000000d5f049b0,0x00000000d5f80000)
  to   space 512K, 0% used [0x00000000d5f80000,0x00000000d5f80000,0x00000000d6000000)
 ParOldGen       total 283136K, used 282757K [0x0000000080000000, 0x0000000091480000, 0x00000000d5580000)
  object space 283136K, 99% used [0x0000000080000000,0x00000000914215c0,0x0000000091480000)
 Metaspace       used 70934K, committed 72704K, reserved 1114112K
  class space    used 7387K, committed 8128K, reserved 1048576K
}

Dll operation events (10 events):
Event: 0.020 Loaded shared library c:\Users\ankit\.vscode\extensions\redhat.java-1.54.0-win32-x64\jre\21.0.10-win32-x86_64\bin\java.dll
Event: 0.127 Loaded shared library c:\Users\ankit\.vscode\extensions\redhat.java-1.54.0-win32-x64\jre\21.0.10-win32-x86_64\bin\zip.dll
Event: 0.155 Loaded shared library C:\Users\ankit\.vscode\extensions\redhat.java-1.54.0-win32-x64\jre\21.0.10-win32-x86_64\bin\instrument.dll
Event: 0.166 Loaded shared library C:\Users\ankit\.vscode\extensions\redhat.java-1.54.0-win32-x64\jre\21.0.10-win32-x86_64\bin\net.dll
Event: 0.172 Loaded shared library C:\Users\ankit\.vscode\extensions\redhat.java-1.54.0-win32-x64\jre\21.0.10-win32-x86_64\bin\nio.dll
Event: 0.175 Loaded shared library C:\Users\ankit\.vscode\extensions\redhat.java-1.54.0-win32-x64\jre\21.0.10-win32-x86_64\bin\zip.dll
Event: 0.198 Loaded shared library C:\Users\ankit\.vscode\extensions\redhat.java-1.54.0-win32-x64\jre\21.0.10-win32-x86_64\bin\jimage.dll
Event: 0.395 Loaded shared library c:\Users\ankit\.vscode\extensions\redhat.java-1.54.0-win32-x64\jre\21.0.10-win32-x86_64\bin\verify.dll
Event: 2.761 Loaded shared library C:\Users\ankit\AppData\Roaming\Code\User\globalStorage\redhat.java\1.54.0\config_win\org.eclipse.equinox.launcher\org.eclipse.equinox.launcher.win32.win32.x86_64_1.3.0.v20260203-2149\eclipse_11919.dll
Event: 6.935 Loaded shared library C:\Users\ankit\AppData\Local\Temp\jna-92964745\jna312223599631528551.dll

Deoptimization events (20 events):
Event: 42.488 Thread 0x0000025ea5dd9690 DEOPT PACKING pc=0x0000025e3e562ef2 sp=0x000000f9a67fdc00
Event: 42.488 Thread 0x0000025ea5dd9690 DEOPT UNPACKING pc=0x0000025e43f378e2 sp=0x000000f9a67fd178 mode 0
Event: 42.501 Thread 0x0000025ea5ddb0d0 DEOPT PACKING pc=0x0000025e3e562ef2 sp=0x000000f9a64fd850
Event: 42.501 Thread 0x0000025ea5ddb0d0 DEOPT UNPACKING pc=0x0000025e43f378e2 sp=0x000000f9a64fcdc8 mode 0
Event: 42.526 Thread 0x0000025ea5ddb760 DEOPT PACKING pc=0x0000025e3e562ef2 sp=0x000000f9a61fd7d0
Event: 42.527 Thread 0x0000025ea5ddb760 DEOPT UNPACKING pc=0x0000025e43f378e2 sp=0x000000f9a61fcd48 mode 0
Event: 42.666 Thread 0x0000025ea5ddaa40 DEOPT PACKING pc=0x0000025e3e41f7b9 sp=0x000000f9a60fdb40
Event: 42.666 Thread 0x0000025ea5ddaa40 DEOPT UNPACKING pc=0x0000025e43f378e2 sp=0x000000f9a60fd040 mode 0
Event: 42.696 Thread 0x0000025e9b437400 DEOPT PACKING pc=0x0000025e3e5767d5 sp=0x000000f9a26fda40
Event: 42.696 Thread 0x0000025e9b437400 DEOPT UNPACKING pc=0x0000025e43f378e2 sp=0x000000f9a26fceb8 mode 0
Event: 42.709 Thread 0x0000025ea5ddaa40 DEOPT PACKING pc=0x0000025e3e562ef2 sp=0x000000f9a60fdc50
Event: 42.709 Thread 0x0000025ea5ddaa40 DEOPT UNPACKING pc=0x0000025e43f378e2 sp=0x000000f9a60fd1c8 mode 0
Event: 42.788 Thread 0x0000025e9b437400 DEOPT PACKING pc=0x0000025e3e562ef2 sp=0x000000f9a26fdb10
Event: 42.788 Thread 0x0000025e9b437400 DEOPT UNPACKING pc=0x0000025e43f378e2 sp=0x000000f9a26fd088 mode 0
Event: 42.868 Thread 0x0000025e9b4359c0 DEOPT PACKING pc=0x0000025e3dc18c99 sp=0x000000f9a5efe130
Event: 42.868 Thread 0x0000025e9b4359c0 DEOPT UNPACKING pc=0x0000025e43f378e2 sp=0x000000f9a5efd5c8 mode 0
Event: 42.980 Thread 0x0000025ea5ddbdf0 DEOPT PACKING pc=0x0000025e3d2701b3 sp=0x000000f9a66fc630
Event: 42.980 Thread 0x0000025ea5ddbdf0 DEOPT UNPACKING pc=0x0000025e43f378e2 sp=0x000000f9a66fbb60 mode 0
Event: 43.120 Thread 0x0000025e93c61be0 DEOPT PACKING pc=0x0000025e3e41f7b9 sp=0x000000f9a28fe370
Event: 43.120 Thread 0x0000025e93c61be0 DEOPT UNPACKING pc=0x0000025e43f378e2 sp=0x000000f9a28fd870 mode 0

Classes loaded (20 events):
Event: 36.156 Loading class java/io/SequenceInputStream
Event: 36.161 Loading class java/io/SequenceInputStream done
Event: 36.288 Loading class java/util/concurrent/CompletableFuture$UniApply
Event: 36.288 Loading class java/util/concurrent/CompletableFuture$UniCompletion
Event: 36.289 Loading class java/util/concurrent/CompletableFuture$UniCompletion done
Event: 36.289 Loading class java/util/concurrent/CompletableFuture$UniApply done
Event: 36.290 Loading class java/util/concurrent/CompletableFuture$UniAccept
Event: 36.292 Loading class java/util/concurrent/CompletableFuture$UniAccept done
Event: 36.293 Loading class java/util/concurrent/CompletableFuture$UniExceptionally
Event: 36.294 Loading class java/util/concurrent/CompletableFuture$UniExceptionally done
Event: 36.461 Loading class javax/xml/transform/TransformerConfigurationException
Event: 36.461 Loading class javax/xml/transform/TransformerConfigurationException done
Event: 36.824 Loading class java/util/Hashtable$KeySet
Event: 36.824 Loading class java/util/Hashtable$KeySet done
Event: 37.582 Loading class java/lang/UnsupportedClassVersionError
Event: 37.587 Loading class java/lang/UnsupportedClassVersionError done
Event: 40.575 Loading class java/util/HashMap$EntrySpliterator
Event: 40.576 Loading class java/util/HashMap$EntrySpliterator done
Event: 43.253 Loading class jdk/internal/ref/CleanerImpl$InnocuousThreadFactory
Event: 43.254 Loading class jdk/internal/ref/CleanerImpl$InnocuousThreadFactory done

Classes unloaded (11 events):
Event: 7.707 Thread 0x0000025e92680090 Unloading class 0x0000025e521a4800 'java/lang/invoke/LambdaForm$MH+0x0000025e521a4800'
Event: 7.707 Thread 0x0000025e92680090 Unloading class 0x0000025e521a4400 'java/lang/invoke/LambdaForm$MH+0x0000025e521a4400'
Event: 7.707 Thread 0x0000025e92680090 Unloading class 0x0000025e521a4000 'java/lang/invoke/LambdaForm$MH+0x0000025e521a4000'
Event: 7.707 Thread 0x0000025e92680090 Unloading class 0x0000025e521a3c00 'java/lang/invoke/LambdaForm$MH+0x0000025e521a3c00'
Event: 7.707 Thread 0x0000025e92680090 Unloading class 0x0000025e521a3800 'java/lang/invoke/LambdaForm$BMH+0x0000025e521a3800'
Event: 7.707 Thread 0x0000025e92680090 Unloading class 0x0000025e521a3400 'java/lang/invoke/LambdaForm$DMH+0x0000025e521a3400'
Event: 7.707 Thread 0x0000025e92680090 Unloading class 0x0000025e521a2000 'java/lang/invoke/LambdaForm$DMH+0x0000025e521a2000'
Event: 22.710 Thread 0x0000025e92680090 Unloading class 0x0000025e526b9400 'java/lang/invoke/LambdaForm$DMH+0x0000025e526b9400'
Event: 22.710 Thread 0x0000025e92680090 Unloading class 0x0000025e526b9000 'java/lang/invoke/LambdaForm$DMH+0x0000025e526b9000'
Event: 22.710 Thread 0x0000025e92680090 Unloading class 0x0000025e526b8400 'java/lang/invoke/LambdaForm$DMH+0x0000025e526b8400'
Event: 22.710 Thread 0x0000025e92680090 Unloading class 0x0000025e526b8c00 'java/lang/invoke/LambdaForm$DMH+0x0000025e526b8c00'

Classes redefined (0 events):
No events

Internal exceptions (20 events):
Event: 41.783 Thread 0x0000025ea5dda3b0 Implicit null exception at 0x0000025e4485035d to 0x0000025e44850455
Event: 42.071 Thread 0x0000025ea5dd9690 Exception <a 'java/lang/LinkageError'{0x00000000d5a68210}: loader lombok.launch.ShadowClassLoader @545df1d3 attempted duplicate class definition for lombok.eclipse.EcjAugments. (lombok.eclipse.EcjAugments is in unnamed module of loader lombok.launch.ShadowClassLoader @545df1d3, parent loader org.eclipse.osgi.internal.loader.EquinoxClassLoader @928b8df)> (0x00000000d5a68210) 
thrown [s\src\hotspot\share\classfile\systemDictionary.cpp, line 1672]
Event: 42.099 Thread 0x0000025ea5dd9690 Exception <a 'java/lang/LinkageError'{0x00000000d5a0d2b8}: loader lombok.launch.ShadowClassLoader @545df1d3 attempted duplicate class definition for lombok.eclipse.agent.PatchDiagnostics. (lombok.eclipse.agent.PatchDiagnostics is in unnamed module of loader lombok.launch.ShadowClassLoader @545df1d3, parent loader org.eclipse.osgi.internal.loader.EquinoxClassLoader @928b8df)> (0x00000000d5a0d2b8) 
thrown [s\src\hotspot\share\classfile\systemDictionary.cpp, line 1672]
Event: 42.100 Thread 0x0000025ea5dda3b0 Exception <a 'java/lang/LinkageError'{0x00000000d5ad04c8}: loader lombok.launch.ShadowClassLoader @545df1d3 attempted duplicate class definition for lombok.eclipse.agent.PatchDiagnostics. (lombok.eclipse.agent.PatchDiagnostics is in unnamed module of loader lombok.launch.ShadowClassLoader @545df1d3, parent loader org.eclipse.osgi.internal.loader.EquinoxClassLoader @928b8df)> (0x00000000d5ad04c8) 
thrown [s\src\hotspot\share\classfile\systemDictionary.cpp, line 1672]
Event: 42.458 Thread 0x0000025e93c61be0 Exception <a 'sun/nio/fs/WindowsException'{0x00000000d5d04c08}> (0x00000000d5d04c08) 
thrown [s\src\hotspot\share\prims\jni.cpp, line 520]
Event: 42.461 Thread 0x0000025e93c61be0 Exception <a 'sun/nio/fs/WindowsException'{0x00000000d5d05408}> (0x00000000d5d05408) 
thrown [s\src\hotspot\share\prims\jni.cpp, line 520]
Event: 42.463 Thread 0x0000025e93c61be0 Exception <a 'sun/nio/fs/WindowsException'{0x00000000d5d06358}> (0x00000000d5d06358) 
thrown [s\src\hotspot\share\prims\jni.cpp, line 520]
Event: 42.463 Thread 0x0000025e93c61be0 Exception <a 'sun/nio/fs/WindowsException'{0x00000000d5d06b58}> (0x00000000d5d06b58) 
thrown [s\src\hotspot\share\prims\jni.cpp, line 520]
Event: 42.464 Thread 0x0000025e93c61be0 Exception <a 'sun/nio/fs/WindowsException'{0x00000000d5da5030}> (0x00000000d5da5030) 
thrown [s\src\hotspot\share\prims\jni.cpp, line 520]
Event: 42.466 Thread 0x0000025e93c61be0 Exception <a 'sun/nio/fs/WindowsException'{0x00000000d5da5830}> (0x00000000d5da5830) 
thrown [s\src\hotspot\share\prims\jni.cpp, line 520]
Event: 42.498 Thread 0x0000025e93c61be0 Exception <a 'sun/nio/fs/WindowsException'{0x00000000d57d89d0}> (0x00000000d57d89d0) 
thrown [s\src\hotspot\share\prims\jni.cpp, line 520]
Event: 42.499 Thread 0x0000025e93c61be0 Exception <a 'sun/nio/fs/WindowsException'{0x00000000d57d9480}> (0x00000000d57d9480) 
thrown [s\src\hotspot\share\prims\jni.cpp, line 520]
Event: 42.856 Thread 0x0000025ea5ddcb10 Exception <a 'sun/nio/fs/WindowsException'{0x00000000d5c7adc8}> (0x00000000d5c7adc8) 
thrown [s\src\hotspot\share\prims\jni.cpp, line 520]
Event: 42.857 Thread 0x0000025ea5ddcb10 Exception <a 'sun/nio/fs/WindowsException'{0x00000000d5c7b878}> (0x00000000d5c7b878) 
thrown [s\src\hotspot\share\prims\jni.cpp, line 520]
Event: 42.858 Thread 0x0000025ea5ddcb10 Exception <a 'sun/nio/fs/WindowsException'{0x00000000d5c8c430}> (0x00000000d5c8c430) 
thrown [s\src\hotspot\share\prims\jni.cpp, line 520]
Event: 42.859 Thread 0x0000025ea5ddcb10 Exception <a 'sun/nio/fs/WindowsException'{0x00000000d5c8cee0}> (0x00000000d5c8cee0) 
thrown [s\src\hotspot\share\prims\jni.cpp, line 520]
Event: 42.865 Thread 0x0000025ea5ddcb10 Exception <a 'sun/nio/fs/WindowsException'{0x00000000d5c8ed80}> (0x00000000d5c8ed80) 
thrown [s\src\hotspot\share\prims\jni.cpp, line 520]
Event: 42.866 Thread 0x0000025ea5ddcb10 Exception <a 'sun/nio/fs/WindowsException'{0x00000000d5c955b0}> (0x00000000d5c955b0) 
thrown [s\src\hotspot\share\prims\jni.cpp, line 520]
Event: 42.897 Thread 0x0000025ea5ddcb10 Exception <a 'sun/nio/fs/WindowsException'{0x00000000d559b7f0}> (0x00000000d559b7f0) 
thrown [s\src\hotspot\share\prims\jni.cpp, line 520]
Event: 42.899 Thread 0x0000025ea5ddcb10 Exception <a 'sun/nio/fs/WindowsException'{0x00000000d559c2a0}> (0x00000000d559c2a0) 
thrown [s\src\hotspot\share\prims\jni.cpp, line 520]

ZGC Phase Switch (0 events):
No events

VM Operations (20 events):
Event: 42.263 Executing safepoint VM operation: ParallelGCFailedAllocation (Allocation Failure) done
Event: 42.305 Executing safepoint VM operation: ParallelGCFailedAllocation (Allocation Failure)
Event: 42.309 Executing safepoint VM operation: ParallelGCFailedAllocation (Allocation Failure) done
Event: 42.351 Executing safepoint VM operation: ParallelGCFailedAllocation (Allocation Failure)
Event: 42.355 Executing safepoint VM operation: ParallelGCFailedAllocation (Allocation Failure) done
Event: 42.393 Executing safepoint VM operation: ParallelGCFailedAllocation (Allocation Failure)
Event: 42.411 Executing safepoint VM operation: ParallelGCFailedAllocation (Allocation Failure) done
Event: 42.476 Executing safepoint VM operation: ParallelGCFailedAllocation (Allocation Failure)
Event: 42.482 Executing safepoint VM operation: ParallelGCFailedAllocation (Allocation Failure) done
Event: 42.536 Executing safepoint VM operation: ParallelGCFailedAllocation (Allocation Failure)
Event: 42.542 Executing safepoint VM operation: ParallelGCFailedAllocation (Allocation Failure) done
Event: 42.638 Executing safepoint VM operation: ParallelGCFailedAllocation (Allocation Failure)
Event: 42.644 Executing safepoint VM operation: ParallelGCFailedAllocation (Allocation Failure) done
Event: 42.731 Executing safepoint VM operation: ParallelGCFailedAllocation (Allocation Failure)
Event: 42.735 Executing safepoint VM operation: ParallelGCFailedAllocation (Allocation Failure) done
Event: 42.889 Executing safepoint VM operation: ParallelGCFailedAllocation (Allocation Failure)
Event: 42.892 Executing safepoint VM operation: ParallelGCFailedAllocation (Allocation Failure) done
Event: 43.026 Executing safepoint VM operation: ParallelGCFailedAllocation (Allocation Failure)
Event: 43.029 Executing safepoint VM operation: ParallelGCFailedAllocation (Allocation Failure) done
Event: 43.306 Executing safepoint VM operation: ParallelGCFailedAllocation (Allocation Failure)

Memory protections (0 events):
No events

Nmethod flushes (20 events):
Event: 22.733 Thread 0x0000025e92680090 flushing  nmethod 0x0000025e3d1f0390
Event: 22.733 Thread 0x0000025e92680090 flushing  nmethod 0x0000025e3d1f1c10
Event: 22.733 Thread 0x0000025e92680090 flushing  nmethod 0x0000025e3d1f2510
Event: 22.733 Thread 0x0000025e92680090 flushing  nmethod 0x0000025e3d1f2890
Event: 22.733 Thread 0x0000025e92680090 flushing  nmethod 0x0000025e3d201210
Event: 22.733 Thread 0x0000025e92680090 flushing  nmethod 0x0000025e3d254010
Event: 22.733 Thread 0x0000025e92680090 flushing  nmethod 0x0000025e3d25c090
Event: 22.733 Thread 0x0000025e92680090 flushing  nmethod 0x0000025e3d280890
Event: 22.733 Thread 0x0000025e92680090 flushing  nmethod 0x0000025e3d299710
Event: 22.733 Thread 0x0000025e92680090 flushing  nmethod 0x0000025e3d2a9710
Event: 22.733 Thread 0x0000025e92680090 flushing  nmethod 0x0000025e3d2cd490
Event: 22.733 Thread 0x0000025e92680090 flushing  nmethod 0x0000025e3d2dc910
Event: 22.733 Thread 0x0000025e92680090 flushing  nmethod 0x0000025e3d2e2390
Event: 22.733 Thread 0x0000025e92680090 flushing  nmethod 0x0000025e3d2e3010
Event: 22.733 Thread 0x0000025e92680090 flushing  nmethod 0x0000025e3d2f8d10
Event: 22.733 Thread 0x0000025e92680090 flushing  nmethod 0x0000025e3d2f9310
Event: 22.733 Thread 0x0000025e92680090 flushing  nmethod 0x0000025e3d2fbf10
Event: 22.733 Thread 0x0000025e92680090 flushing  nmethod 0x0000025e3d2fcd10
Event: 22.733 Thread 0x0000025e92680090 flushing  nmethod 0x0000025e3d2fd790
Event: 22.733 Thread 0x0000025e92680090 flushing  nmethod 0x0000025e3d303090

Events (20 events):
Event: 32.565 Thread 0x0000025e93a74920 Thread exited: 0x0000025e93a74920
Event: 32.565 Thread 0x0000025e93a73c00 Thread exited: 0x0000025e93a73c00
Event: 32.565 Thread 0x0000025e9b437400 Thread exited: 0x0000025e9b437400
Event: 32.565 Thread 0x0000025e93a74290 Thread exited: 0x0000025e93a74290
Event: 32.566 Thread 0x0000025e9b437a90 Thread exited: 0x0000025e9b437a90
Event: 33.025 Thread 0x0000025e93c62900 Thread added: 0x0000025e9b437400
Event: 34.316 Thread 0x0000025e926a69c0 Thread exited: 0x0000025e926a69c0
Event: 34.533 Thread 0x0000025e9b437400 Thread exited: 0x0000025e9b437400
Event: 36.302 Thread 0x0000025e9b16c800 Thread added: 0x0000025e9b437400
Event: 36.303 Thread 0x0000025e9b437400 Thread added: 0x0000025e9b437a90
Event: 36.303 Thread 0x0000025e9b437a90 Thread added: 0x0000025ea5ddaa40
Event: 36.304 Thread 0x0000025ea5ddaa40 Thread added: 0x0000025ea5ddb760
Event: 36.340 Thread 0x0000025e9b16c800 Thread added: 0x0000025ea5ddcb10
Event: 36.566 Thread 0x0000025e9b437a90 Thread added: 0x0000025ea5dd9d20
Event: 36.579 Thread 0x0000025e93c5fb10 Thread added: 0x0000025ea5ddb0d0
Event: 36.585 Thread 0x0000025ea5dd9d20 Thread added: 0x0000025ea5dda3b0
Event: 36.588 Thread 0x0000025e93c5fb10 Thread added: 0x0000025ea5ddbdf0
Event: 36.588 Thread 0x0000025ea5ddb0d0 Thread added: 0x0000025ea5dd9690
Event: 38.630 Thread 0x0000025e926a7760 Thread added: 0x0000025e99b878f0
Event: 43.255 Thread 0x0000025ea5ddbdf0 Thread added: 0x0000025ea5ddc480


Dynamic libraries:
0x00007ff7518a0000 - 0x00007ff7518ae000 	c:\Users\ankit\.vscode\extensions\redhat.java-1.54.0-win32-x64\jre\21.0.10-win32-x86_64\bin\java.exe
0x00007ff890ae0000 - 0x00007ff890d46000 	C:\WINDOWS\SYSTEM32\ntdll.dll
0x00007ff88ee80000 - 0x00007ff88ef49000 	C:\WINDOWS\System32\KERNEL32.DLL
0x00007ff88dd80000 - 0x00007ff88e179000 	C:\WINDOWS\System32\KERNELBASE.dll
0x00007ff88e620000 - 0x00007ff88e76c000 	C:\WINDOWS\System32\ucrtbase.dll
0x00007ff863300000 - 0x00007ff863318000 	c:\Users\ankit\.vscode\extensions\redhat.java-1.54.0-win32-x64\jre\21.0.10-win32-x86_64\bin\jli.dll
0x00007ff8906f0000 - 0x00007ff8908b6000 	C:\WINDOWS\System32\USER32.dll
0x00007ff88e830000 - 0x00007ff88e857000 	C:\WINDOWS\System32\win32u.dll
0x00007ff890980000 - 0x00007ff8909ab000 	C:\WINDOWS\System32\GDI32.dll
0x00007ff88e2c0000 - 0x00007ff88e3eb000 	C:\WINDOWS\System32\gdi32full.dll
0x00007ff84ce20000 - 0x00007ff84ce3e000 	c:\Users\ankit\.vscode\extensions\redhat.java-1.54.0-win32-x64\jre\21.0.10-win32-x86_64\bin\VCRUNTIME140.dll
0x00007ff88e570000 - 0x00007ff88e613000 	C:\WINDOWS\System32\msvcp_win.dll
0x00007ff871540000 - 0x00007ff8717d2000 	C:\WINDOWS\WinSxS\amd64_microsoft.windows.common-controls_6595b64144ccf1df_6.0.26100.8289_none_3e0e0344e32f67d2\COMCTL32.dll
0x00007ff890220000 - 0x00007ff8902c9000 	C:\WINDOWS\System32\msvcrt.dll
0x00007ff890650000 - 0x00007ff890682000 	C:\WINDOWS\System32\IMM32.DLL
0x00007ff8879d0000 - 0x00007ff8879dc000 	c:\Users\ankit\.vscode\extensions\redhat.java-1.54.0-win32-x64\jre\21.0.10-win32-x86_64\bin\vcruntime140_1.dll
0x00007ff80f590000 - 0x00007ff80f61d000 	c:\Users\ankit\.vscode\extensions\redhat.java-1.54.0-win32-x64\jre\21.0.10-win32-x86_64\bin\msvcp140.dll
0x00007fffc5910000 - 0x00007fffc66b1000 	c:\Users\ankit\.vscode\extensions\redhat.java-1.54.0-win32-x64\jre\21.0.10-win32-x86_64\bin\server\jvm.dll
0x00007ff8909b0000 - 0x00007ff890a66000 	C:\WINDOWS\System32\ADVAPI32.dll
0x00007ff88ef50000 - 0x00007ff88eff7000 	C:\WINDOWS\System32\sechost.dll
0x00007ff88f860000 - 0x00007ff88f978000 	C:\WINDOWS\System32\RPCRT4.dll
0x00007ff88f980000 - 0x00007ff88fa00000 	C:\WINDOWS\System32\WS2_32.dll
0x00007ff88dbe0000 - 0x00007ff88dc3e000 	C:\WINDOWS\SYSTEM32\POWRPROF.dll
0x00007ff882450000 - 0x00007ff882486000 	C:\WINDOWS\SYSTEM32\WINMM.dll
0x00007ff885970000 - 0x00007ff88597b000 	C:\WINDOWS\SYSTEM32\VERSION.dll
0x00007ff88dbc0000 - 0x00007ff88dbd4000 	C:\WINDOWS\SYSTEM32\UMPDC.dll
0x00007ff88cae0000 - 0x00007ff88cafb000 	C:\WINDOWS\SYSTEM32\kernel.appcore.dll
0x00007ff8879b0000 - 0x00007ff8879ba000 	c:\Users\ankit\.vscode\extensions\redhat.java-1.54.0-win32-x64\jre\21.0.10-win32-x86_64\bin\jimage.dll
0x00007ff88b280000 - 0x00007ff88b4c2000 	C:\WINDOWS\SYSTEM32\DBGHELP.DLL
0x00007ff88e860000 - 0x00007ff88ebe3000 	C:\WINDOWS\System32\combase.dll
0x00007ff88f780000 - 0x00007ff88f859000 	C:\WINDOWS\System32\OLEAUT32.dll
0x00007ff871390000 - 0x00007ff8713cb000 	C:\WINDOWS\SYSTEM32\dbgcore.DLL
0x00007ff88e210000 - 0x00007ff88e2b8000 	C:\WINDOWS\System32\bcryptPrimitives.dll
0x00007ff879a70000 - 0x00007ff879a7f000 	c:\Users\ankit\.vscode\extensions\redhat.java-1.54.0-win32-x64\jre\21.0.10-win32-x86_64\bin\instrument.dll
0x00007ff879470000 - 0x00007ff879490000 	c:\Users\ankit\.vscode\extensions\redhat.java-1.54.0-win32-x64\jre\21.0.10-win32-x86_64\bin\java.dll
0x00007ff88f000000 - 0x00007ff88f77b000 	C:\WINDOWS\System32\SHELL32.dll
0x00007ff88b930000 - 0x00007ff88c1a2000 	C:\WINDOWS\SYSTEM32\windows.storage.dll
0x00007ff88ed80000 - 0x00007ff88ee79000 	C:\WINDOWS\System32\SHCORE.dll
0x00007ff88fa10000 - 0x00007ff88fa77000 	C:\WINDOWS\System32\shlwapi.dll
0x00007ff88dca0000 - 0x00007ff88dcc9000 	C:\WINDOWS\SYSTEM32\profapi.dll
0x00007ff879450000 - 0x00007ff879468000 	c:\Users\ankit\.vscode\extensions\redhat.java-1.54.0-win32-x64\jre\21.0.10-win32-x86_64\bin\zip.dll
0x00007ff879440000 - 0x00007ff879450000 	C:\Users\ankit\.vscode\extensions\redhat.java-1.54.0-win32-x64\jre\21.0.10-win32-x86_64\bin\net.dll
0x00007ff885650000 - 0x00007ff885779000 	C:\WINDOWS\SYSTEM32\WINHTTP.dll
0x00007ff88d070000 - 0x00007ff88d0dc000 	C:\WINDOWS\system32\mswsock.dll
0x00007ff879420000 - 0x00007ff879436000 	C:\Users\ankit\.vscode\extensions\redhat.java-1.54.0-win32-x64\jre\21.0.10-win32-x86_64\bin\nio.dll
0x00007ff879410000 - 0x00007ff879420000 	c:\Users\ankit\.vscode\extensions\redhat.java-1.54.0-win32-x64\jre\21.0.10-win32-x86_64\bin\verify.dll
0x00007ff8793c0000 - 0x00007ff879405000 	C:\Users\ankit\AppData\Roaming\Code\User\globalStorage\redhat.java\1.54.0\config_win\org.eclipse.equinox.launcher\org.eclipse.equinox.launcher.win32.win32.x86_64_1.3.0.v20260203-2149\eclipse_11919.dll
0x00007ff88fa80000 - 0x00007ff88fc17000 	C:\WINDOWS\System32\ole32.dll
0x00007ff88d350000 - 0x00007ff88d36b000 	C:\WINDOWS\SYSTEM32\CRYPTSP.dll
0x00007ff88ca40000 - 0x00007ff88ca79000 	C:\WINDOWS\system32\rsaenh.dll
0x00007ff88d120000 - 0x00007ff88d153000 	C:\WINDOWS\SYSTEM32\USERENV.dll
0x00007ff88dc70000 - 0x00007ff88dc9a000 	C:\WINDOWS\SYSTEM32\bcrypt.dll
0x00007ff88d370000 - 0x00007ff88d37c000 	C:\WINDOWS\SYSTEM32\CRYPTBASE.dll
0x00007ff88c4b0000 - 0x00007ff88c4e2000 	C:\WINDOWS\SYSTEM32\IPHLPAPI.DLL
0x00007ff88ebf0000 - 0x00007ff88ebfa000 	C:\WINDOWS\System32\NSI.dll
0x00007ff879370000 - 0x00007ff8793b9000 	C:\Users\ankit\AppData\Local\Temp\jna-92964745\jna312223599631528551.dll
0x00007ff88ec00000 - 0x00007ff88ec08000 	C:\WINDOWS\System32\PSAPI.DLL
0x00007ff885950000 - 0x00007ff88596d000 	C:\WINDOWS\SYSTEM32\dhcpcsvc6.DLL
0x00007ff8854f0000 - 0x00007ff885515000 	C:\WINDOWS\SYSTEM32\dhcpcsvc.DLL

JVMTI agents:
c:\Users\ankit\.vscode\extensions\redhat.java-1.54.0-win32-x64\lombok\lombok-1.18.39-4050.jar path:c:\Users\ankit\.vscode\extensions\redhat.java-1.54.0-win32-x64\jre\21.0.10-win32-x86_64\bin\instrument.dll, loaded, initialized, instrumentlib options:none

dbghelp: loaded successfully - version: 4.0.5 - missing functions: none
symbol engine: initialized successfully - sym options: 0x614 - pdb path: .;c:\Users\ankit\.vscode\extensions\redhat.java-1.54.0-win32-x64\jre\21.0.10-win32-x86_64\bin;C:\WINDOWS\SYSTEM32;C:\WINDOWS\WinSxS\amd64_microsoft.windows.common-controls_6595b64144ccf1df_6.0.26100.8289_none_3e0e0344e32f67d2;c:\Users\ankit\.vscode\extensions\redhat.java-1.54.0-win32-x64\jre\21.0.10-win32-x86_64\bin\server;C:\Users\ankit\AppData\Roaming\Code\User\globalStorage\redhat.java\1.54.0\config_win\org.eclipse.equinox.launcher\org.eclipse.equinox.launcher.win32.win32.x86_64_1.3.0.v20260203-2149;C:\Users\ankit\AppData\Local\Temp\jna-92964745

VM Arguments:
jvm_args: --add-modules=ALL-SYSTEM --add-opens=java.base/java.util=ALL-UNNAMED --add-opens=java.base/java.lang=ALL-UNNAMED --add-opens=java.base/sun.nio.fs=ALL-UNNAMED -Declipse.application=org.eclipse.jdt.ls.core.id1 -Dosgi.bundles.defaultStartLevel=4 -Declipse.product=org.eclipse.jdt.ls.core.product -Djava.import.generatesMetadataFilesAtProjectRoot=false -DDetectVMInstallationsJob.disabled=true -Dfile.encoding=utf8 -XX:+UseParallelGC -XX:GCTimeRatio=4 -XX:AdaptiveSizePolicyWeight=90 -Dsun.zip.disableMemoryMapping=true -Xmx2G -Xms100m -Xlog:disable -javaagent:c:\Users\ankit\.vscode\extensions\redhat.java-1.54.0-win32-x64\lombok\lombok-1.18.39-4050.jar -XX:+HeapDumpOnOutOfMemoryError -XX:HeapDumpPath=c:\Users\ankit\AppData\Roaming\Code\User\workspaceStorage\a3671561678c19015781a49cc90ed25e\redhat.java -Daether.dependencyCollector.impl=bf 
java_command: c:\Users\ankit\.vscode\extensions\redhat.java-1.54.0-win32-x64\server\plugins\org.eclipse.equinox.launcher_1.7.100.v20251111-0406.jar -configuration c:\Users\ankit\AppData\Roaming\Code\User\globalStorage\redhat.java\1.54.0\config_win -data c:\Users\ankit\AppData\Roaming\Code\User\workspaceStorage\a3671561678c19015781a49cc90ed25e\redhat.java\jdt_ws --pipe=\\.\pipe\lsp-88c2879aaf13d68204c3672e94fe9dab-sock
java_class_path (initial): c:\Users\ankit\.vscode\extensions\redhat.java-1.54.0-win32-x64\server\plugins\org.eclipse.equinox.launcher_1.7.100.v20251111-0406.jar
Launcher Type: SUN_STANDARD

[Global flags]
    uintx AdaptiveSizePolicyWeight                 = 90                                        {product} {command line}
     intx CICompilerCount                          = 4                                         {product} {ergonomic}
    uintx GCTimeRatio                              = 4                                         {product} {command line}
     bool HeapDumpOnOutOfMemoryError               = true                                   {manageable} {command line}
    ccstr HeapDumpPath                             = c:\Users\ankit\AppData\Roaming\Code\User\workspaceStorage\a3671561678c19015781a49cc90ed25e\redhat.java         {manageable} {command line}
   size_t InitialHeapSize                          = 104857600                                 {product} {command line}
   size_t MaxHeapSize                              = 2147483648                                {product} {command line}
   size_t MaxNewSize                               = 715653120                                 {product} {ergonomic}
   size_t MinHeapDeltaBytes                        = 524288                                    {product} {ergonomic}
   size_t MinHeapSize                              = 104857600                                 {product} {command line}
   size_t NewSize                                  = 34603008                                  {product} {ergonomic}
    uintx NonNMethodCodeHeapSize                   = 5839372                                {pd product} {ergonomic}
    uintx NonProfiledCodeHeapSize                  = 122909434                              {pd product} {ergonomic}
   size_t OldSize                                  = 70254592                                  {product} {ergonomic}
    uintx ProfiledCodeHeapSize                     = 122909434                              {pd product} {ergonomic}
    uintx ReservedCodeCacheSize                    = 251658240                              {pd product} {ergonomic}
     bool SegmentedCodeCache                       = true                                      {product} {ergonomic}
   size_t SoftMaxHeapSize                          = 2147483648                             {manageable} {ergonomic}
     bool UseCompressedOops                        = true                           {product lp64_product} {ergonomic}
     bool UseLargePagesIndividualAllocation        = false                                  {pd product} {ergonomic}
     bool UseParallelGC                            = true                                      {product} {command line}

Logging:
Log output configuration:
 #0: stdout all=off uptime,level,tags foldmultilines=false
 #1: stderr all=off uptime,level,tags foldmultilines=false

Release file:
JAVA_VERSION="21.0.10" 
MODULES="java.base java.compiler java.datatransfer java.xml java.prefs java.desktop java.instrument java.logging java.management java.security.sasl java.naming java.rmi java.management.rmi java.net.http java.scripting java.security.jgss java.transaction.xa java.sql java.sql.rowset java.xml.crypto java.se java.smartcardio jdk.accessibility jdk.internal.jvmstat jdk.attach jdk.charsets jdk.internal.opt jdk.zipfs jdk.compiler jdk.crypto.ec jdk.crypto.cryptoki jdk.crypto.mscapi jdk.dynalink jdk.internal.ed jdk.editpad jdk.hotspot.agent jdk.httpserver jdk.internal.le jdk.internal.vm.ci jdk.internal.vm.compiler jdk.internal.vm.compiler.management jdk.jartool jdk.javadoc jdk.jcmd jdk.management jdk.management.agent jdk.jconsole jdk.jdeps jdk.jdwp.agent jdk.jdi jdk.jfr jdk.jshell jdk.jsobject jdk.jstatd jdk.localedata jdk.management.jfr jdk.naming.dns jdk.naming.rmi jdk.net jdk.nio.mapmode jdk.random jdk.sctp jdk.security.auth jdk.security.jgss jdk.unsupported jdk.unsupported.desktop jdk.xml.dom" 

Environment Variables:
JAVA_HOME=C:\Users\ankit\AppData\Local\Programs\Eclipse Adoptium\jdk-17.0.17.10-hotspot
PATH=C:\Users\ankit\AppData\Local\Programs\Microsoft VS Code;C:\Users\ankit\AppData\Local\Programs\Eclipse Adoptium\jdk-17.0.17.10-hotspot\bin;C:\windows\system32;C:\windows;C:\windows\System32\Wbem;C:\windows\System32\WindowsPowerShell\v1.0\;C:\windows\System32\OpenSSH\;C:\Program Files (x86)\NVIDIA Corporation\PhysX\Common;C:\Program Files\NVIDIA Corporation\NVIDIA NvDLISR;C:\WINDOWS\system32;C:\WINDOWS;C:\WINDOWS\System32\Wbem;C:\WINDOWS\System32\WindowsPowerShell\v1.0\;C:\WINDOWS\System32\OpenSSH\;C:\Program Files\Git\cmd;C:\Program Files\Git\mingw64\bin;C:\Program Files\Git\usr\bin;C:\Program Files\MongoDB\Server\8.0\bin;C:\Program Files\cursor\resources\app\bin;C:\Users\ankit\OneDrive\Documents\Desktop\apache-maven-3.9.11\bin;C:\Program Files\Docker\Docker\resources\bin;%NVM_HOME%;%NVM_SYMLINK%;C:\Program Files\MySQL\MySQL Shell 8.0\bin\;C:\Users\ankit\AppData\Local\Programs\Eclipse Adoptium\jdk-17.0.17.10-hotspot\bin;C:\Users\ankit\AppData\Local\Programs\Python\Python313\Scripts\;C:\Users\ankit\AppData\Local\Programs\Python\Python313\;C:\Users\ankit\AppData\Local\Programs\Python\Launcher\;C:\Users\ankit\AppData\Local\Microsoft\WindowsApps;C:\Users\ankit\AppData\Local\Programs\Microsoft VS Code\bin;C:\Program Files\mongosh\;C:\Users\ankit\AppData\Local\Programs\Antigravity\bin;C:\Users\ankit\AppData\Local\nvm;C:\nvm4w\nodejs
USERNAME=ankit
OS=Windows_NT
PROCESSOR_IDENTIFIER=Intel64 Family 6 Model 141 Stepping 1, GenuineIntel
TMP=C:\Users\ankit\AppData\Local\Temp
TEMP=C:\Users\ankit\AppData\Local\Temp




Periodic native trim disabled

---------------  S Y S T E M  ---------------

OS:
 Windows 11 , 64 bit Build 26100 (10.0.26100.8289)
OS uptime: 0 days 1:41 hours
Hyper-V role detected

CPU: total 12 (initial active 12) (6 cores per cpu, 2 threads per core) family 6 model 141 stepping 1 microcode 0x58, cx8, cmov, fxsr, ht, mmx, 3dnowpref, sse, sse2, sse3, ssse3, sse4.1, sse4.2, popcnt, lzcnt, tsc, tscinvbit, avx, avx2, aes, erms, clmul, bmi1, bmi2, adx, avx512f, avx512dq, avx512cd, avx512bw, avx512vl, sha, fma, vzeroupper, avx512_vpopcntdq, avx512_vpclmulqdq, avx512_vaes, avx512_vnni, clflush, clflushopt, clwb, avx512_vbmi2, avx512_vbmi, hv, rdtscp, rdpid, fsrm, gfni, avx512_bitalg, f16c, cet_ibt, cet_ss, avx512_ifma
Processor Information for the first 12 processors :
  Max Mhz: 2688, Current Mhz: 2688, Mhz Limit: 2688

Memory: 4k page, system-wide physical 7830M (516M free)
TotalPageFile size 16022M (AvailPageFile size 14M)
current process WorkingSet (physical memory assigned to process): 502M, peak: 523M
current process commit charge ("private bytes"): 651M, peak: 656M

vm_info: OpenJDK 64-Bit Server VM (21.0.10+7-LTS) for windows-amd64 JRE (21.0.10+7-LTS), built on 2026-01-20T00:00:00Z by "admin" with MS VC++ 17.12 (VS2022)

END.
