#
# There is insufficient memory for the Java Runtime Environment to continue.
# Native memory allocation (malloc) failed to allocate 1655824 bytes. Error detail: Chunk::new
# Possible reasons:
#   The system is out of physical RAM or swap space
#   This process is running with CompressedOops enabled, and the Java Heap may be blocking the growth of the native heap
# Possible solutions:
#   Reduce memory load on the system
#   Increase physical memory or swap space
#   Check if swap backing store is full
#   Decrease Java heap size (-Xmx/-Xms)
#   Decrease number of Java threads
#   Decrease Java thread stack sizes (-Xss)
#   Set larger code cache with -XX:ReservedCodeCacheSize=
#   JVM is running with Unscaled Compressed Oops mode in which the Java heap is
#     placed in the first 4GB address space. The Java Heap base address is the
#     maximum limit for the native heap growth. Please use -XX:HeapBaseMinAddress
#     to set the Java Heap base and to place the Java Heap above 4GB virtual address.
# This output file may be truncated or incomplete.
#
#  Out of Memory Error (arena.cpp:168), pid=19432, tid=14692
#
# JRE version: OpenJDK Runtime Environment Temurin-21.0.10+7 (21.0.10+7) (build 21.0.10+7-LTS)
# Java VM: OpenJDK 64-Bit Server VM Temurin-21.0.10+7 (21.0.10+7-LTS, mixed mode, sharing, tiered, compressed oops, compressed class ptrs, parallel gc, windows-amd64)
# No core dump will be written. Minidumps are not enabled by default on client versions of Windows
#

---------------  S U M M A R Y ------------

Command Line: --add-modules=ALL-SYSTEM --add-opens=java.base/java.util=ALL-UNNAMED --add-opens=java.base/java.lang=ALL-UNNAMED --add-opens=java.base/sun.nio.fs=ALL-UNNAMED -Declipse.application=org.eclipse.jdt.ls.core.id1 -Dosgi.bundles.defaultStartLevel=4 -Declipse.product=org.eclipse.jdt.ls.core.product -Djava.import.generatesMetadataFilesAtProjectRoot=false -DDetectVMInstallationsJob.disabled=true -Dfile.encoding=utf8 -XX:+UseParallelGC -XX:GCTimeRatio=4 -XX:AdaptiveSizePolicyWeight=90 -Dsun.zip.disableMemoryMapping=true -Xmx2G -Xms100m -Xlog:disable -javaagent:c:\Users\ankit\.vscode\extensions\redhat.java-1.54.0-win32-x64\lombok\lombok-1.18.39-4050.jar -XX:+HeapDumpOnOutOfMemoryError -XX:HeapDumpPath=c:\Users\ankit\AppData\Roaming\Code\User\workspaceStorage\a3671561678c19015781a49cc90ed25e\redhat.java -Daether.dependencyCollector.impl=bf c:\Users\ankit\.vscode\extensions\redhat.java-1.54.0-win32-x64\server\plugins\org.eclipse.equinox.launcher_1.7.100.v20251111-0406.jar -configuration c:\Users\ankit\AppData\Roaming\Code\User\globalStorage\redhat.java\1.54.0\config_win -data c:\Users\ankit\AppData\Roaming\Code\User\workspaceStorage\a3671561678c19015781a49cc90ed25e\redhat.java\jdt_ws --pipe=\\.\pipe\lsp-5ab6620f0cfa8fac82cdb022796754a6-sock

Host: 11th Gen Intel(R) Core(TM) i5-11400H @ 2.70GHz, 12 cores, 7G,  Windows 11 , 64 bit Build 26100 (10.0.26100.8289)
Time: Thu Apr 30 00:00:07 2026 India Standard Time elapsed time: 67.536657 seconds (0d 0h 1m 7s)

---------------  T H R E A D  ---------------

Current thread (0x0000012be23bb110):  JavaThread "C2 CompilerThread1" daemon [_thread_in_native, id=14692, stack(0x0000000f91600000,0x0000000f91700000) (1024K)]


Current CompileTask:
C2:67537 15314       4       org.eclipse.jdt.internal.core.JavaProject$ModuleLookup::addTransitive (71 bytes)

Stack: [0x0000000f91600000,0x0000000f91700000]
Native frames: (J=compiled Java code, j=interpreted, Vv=VM code, C=native code)
V  [jvm.dll+0x6d7a39]
V  [jvm.dll+0x8b4b26]
V  [jvm.dll+0x8b70de]
V  [jvm.dll+0x8b77c3]
V  [jvm.dll+0x284346]
V  [jvm.dll+0xc66ed]
V  [jvm.dll+0xc6c31]
V  [jvm.dll+0x3bec3b]
V  [jvm.dll+0x1e3f69]
V  [jvm.dll+0x24c6b3]
V  [jvm.dll+0x24bb40]
V  [jvm.dll+0x1cb34e]
V  [jvm.dll+0x25b85d]
V  [jvm.dll+0x259dea]
V  [jvm.dll+0x3f857e]
V  [jvm.dll+0x85f59d]
V  [jvm.dll+0x6d626d]
C  [ucrtbase.dll+0x2cd30]
C  [KERNEL32.DLL+0x2e957]
C  [ntdll.dll+0x879fc]


---------------  P R O C E S S  ---------------

Threads class SMR info:
_java_thread_list=0x0000012be2e44030, length=89, elements={
0x0000012bf8a2ec80, 0x0000012bf8ad43a0, 0x0000012b8f5fc610, 0x0000012bf8ad8b80,
0x0000012bf8adb5f0, 0x0000012bf8adeaf0, 0x0000012bf8ae5050, 0x0000012bf8ae9eb0,
0x0000012bf8aebec0, 0x0000012bd1cb4180, 0x0000012bd1e188d0, 0x0000012bd7480400,
0x0000012bf8a3b270, 0x0000012bd1d6f590, 0x0000012bd1d08300, 0x0000012bd79c1450,
0x0000012bd7414c90, 0x0000012bd719f470, 0x0000012bd73773e0, 0x0000012bd7378790,
0x0000012bd7378100, 0x0000012bd7378e20, 0x0000012bd8edbad0, 0x0000012bd8edb440,
0x0000012bd8edc160, 0x0000012bd8edc7f0, 0x0000012bd8eda720, 0x0000012bd8edadb0,
0x0000012bd8ed9370, 0x0000012bd8edce80, 0x0000012bd8ed9a00, 0x0000012bd8edef50,
0x0000012bd8eddba0, 0x0000012bd8edfc70, 0x0000012bd8ee0300, 0x0000012bd8edf5e0,
0x0000012bd8ee0990, 0x0000012bd8edd510, 0x0000012bd8ede230, 0x0000012bd8ede8c0,
0x0000012bd9908c60, 0x0000012bd9906b90, 0x0000012bd9907220, 0x0000012bd99085d0,
0x0000012bd9907f40, 0x0000012bd99092f0, 0x0000012bd9906500, 0x0000012bd9909980,
0x0000012bd990a6a0, 0x0000012bd990a010, 0x0000012bd990ad30, 0x0000012bd99078b0,
0x0000012bd990b3c0, 0x0000012bd990ba50, 0x0000012bd990c770, 0x0000012bd990ce00,
0x0000012bd990d490, 0x0000012bd990db20, 0x0000012be25d11e0, 0x0000012be25d2590,
0x0000012be25d32b0, 0x0000012be25cfe30, 0x0000012be25d3940, 0x0000012be25d04c0,
0x0000012be25d3fd0, 0x0000012be25d5380, 0x0000012be25d6dc0, 0x0000012bd7376030,
0x0000012bd7377a70, 0x0000012be25d7450, 0x0000012be25d4cf0, 0x0000012be25d6730,
0x0000012be2039aa0, 0x0000012be2039410, 0x0000012be203a130, 0x0000012be203bb70,
0x0000012be203b4e0, 0x0000012be23bb110, 0x0000012be203cf20, 0x0000012be203f680,
0x0000012be203c200, 0x0000012be203fd10, 0x0000012be203c890, 0x0000012be203e2d0,
0x0000012be4bd9710, 0x0000012be4bd8360, 0x0000012be4bd6920, 0x0000012be4bd6fb0,
0x0000012be4bd7640
}

Java Threads: ( => current thread )
  0x0000012bf8a2ec80 JavaThread "main"                              [_thread_blocked, id=5632, stack(0x0000000f8f900000,0x0000000f8fa00000) (1024K)]
  0x0000012bf8ad43a0 JavaThread "Reference Handler"          daemon [_thread_blocked, id=12572, stack(0x0000000f8fd00000,0x0000000f8fe00000) (1024K)]
  0x0000012b8f5fc610 JavaThread "Finalizer"                  daemon [_thread_blocked, id=10108, stack(0x0000000f8fe00000,0x0000000f8ff00000) (1024K)]
  0x0000012bf8ad8b80 JavaThread "Signal Dispatcher"          daemon [_thread_blocked, id=17420, stack(0x0000000f8ff00000,0x0000000f90000000) (1024K)]
  0x0000012bf8adb5f0 JavaThread "Attach Listener"            daemon [_thread_blocked, id=8092, stack(0x0000000f90000000,0x0000000f90100000) (1024K)]
  0x0000012bf8adeaf0 JavaThread "Service Thread"             daemon [_thread_blocked, id=17572, stack(0x0000000f90100000,0x0000000f90200000) (1024K)]
  0x0000012bf8ae5050 JavaThread "Monitor Deflation Thread"   daemon [_thread_blocked, id=7340, stack(0x0000000f90200000,0x0000000f90300000) (1024K)]
  0x0000012bf8ae9eb0 JavaThread "C2 CompilerThread0"         daemon [_thread_blocked, id=1636, stack(0x0000000f90300000,0x0000000f90400000) (1024K)]
  0x0000012bf8aebec0 JavaThread "C1 CompilerThread0"         daemon [_thread_blocked, id=19216, stack(0x0000000f90400000,0x0000000f90500000) (1024K)]
  0x0000012bd1cb4180 JavaThread "Common-Cleaner"             daemon [_thread_blocked, id=18384, stack(0x0000000f90500000,0x0000000f90600000) (1024K)]
  0x0000012bd1e188d0 JavaThread "Notification Thread"        daemon [_thread_blocked, id=17612, stack(0x0000000f90700000,0x0000000f90800000) (1024K)]
  0x0000012bd7480400 JavaThread "Active Thread: Equinox Container: 70fcf51f-0414-41b4-9ce5-b2a9fb149e2c"        [_thread_blocked, id=11884, stack(0x0000000f90600000,0x0000000f90700000) (1024K)]
  0x0000012bf8a3b270 JavaThread "Refresh Thread: Equinox Container: 70fcf51f-0414-41b4-9ce5-b2a9fb149e2c" daemon [_thread_blocked, id=12384, stack(0x0000000f90f00000,0x0000000f91000000) (1024K)]
  0x0000012bd1d6f590 JavaThread "Framework Event Dispatcher: Equinox Container: 70fcf51f-0414-41b4-9ce5-b2a9fb149e2c" daemon [_thread_blocked, id=10468, stack(0x0000000f91000000,0x0000000f91100000) (1024K)]
  0x0000012bd1d08300 JavaThread "Start Level: Equinox Container: 70fcf51f-0414-41b4-9ce5-b2a9fb149e2c" daemon [_thread_blocked, id=8180, stack(0x0000000f91100000,0x0000000f91200000) (1024K)]
  0x0000012bd79c1450 JavaThread "Bundle File Closer"         daemon [_thread_blocked, id=2560, stack(0x0000000f91500000,0x0000000f91600000) (1024K)]
  0x0000012bd7414c90 JavaThread "SCR Component Actor"        daemon [_thread_blocked, id=12688, stack(0x0000000f91200000,0x0000000f91300000) (1024K)]
  0x0000012bd719f470 JavaThread "Worker-JM"                         [_thread_blocked, id=5240, stack(0x0000000f91700000,0x0000000f91800000) (1024K)]
  0x0000012bd73773e0 JavaThread "JNA Cleaner"                daemon [_thread_blocked, id=2040, stack(0x0000000f91800000,0x0000000f91900000) (1024K)]
  0x0000012bd7378790 JavaThread "Worker-0"                          [_thread_blocked, id=5316, stack(0x0000000f91900000,0x0000000f91a00000) (1024K)]
  0x0000012bd7378100 JavaThread "Worker-1"                          [_thread_blocked, id=2984, stack(0x0000000f91a00000,0x0000000f91b00000) (1024K)]
  0x0000012bd7378e20 JavaThread "Worker-2"                          [_thread_blocked, id=5544, stack(0x0000000f91b00000,0x0000000f91c00000) (1024K)]
  0x0000012bd8edbad0 JavaThread "Worker-3"                          [_thread_blocked, id=18948, stack(0x0000000f91c00000,0x0000000f91d00000) (1024K)]
  0x0000012bd8edb440 JavaThread "Java indexing"              daemon [_thread_blocked, id=11560, stack(0x0000000f91d00000,0x0000000f91e00000) (1024K)]
  0x0000012bd8edc160 JavaThread "Worker-4"                          [_thread_blocked, id=18576, stack(0x0000000f91e00000,0x0000000f91f00000) (1024K)]
  0x0000012bd8edc7f0 JavaThread "Worker-5"                          [_thread_blocked, id=15396, stack(0x0000000f92100000,0x0000000f92200000) (1024K)]
  0x0000012bd8eda720 JavaThread "Thread-1"                   daemon [_thread_in_native, id=9404, stack(0x0000000f92200000,0x0000000f92300000) (1024K)]
  0x0000012bd8edadb0 JavaThread "Thread-2"                   daemon [_thread_in_native, id=18868, stack(0x0000000f92300000,0x0000000f92400000) (1024K)]
  0x0000012bd8ed9370 JavaThread "Thread-3"                   daemon [_thread_in_native, id=12320, stack(0x0000000f92400000,0x0000000f92500000) (1024K)]
  0x0000012bd8edce80 JavaThread "Thread-4"                   daemon [_thread_in_native, id=18912, stack(0x0000000f92500000,0x0000000f92600000) (1024K)]
  0x0000012bd8ed9a00 JavaThread "Thread-5"                   daemon [_thread_in_native, id=9352, stack(0x0000000f92600000,0x0000000f92700000) (1024K)]
  0x0000012bd8edef50 JavaThread "Thread-6"                   daemon [_thread_in_native, id=408, stack(0x0000000f92700000,0x0000000f92800000) (1024K)]
  0x0000012bd8eddba0 JavaThread "Thread-7"                   daemon [_thread_in_native, id=16660, stack(0x0000000f92800000,0x0000000f92900000) (1024K)]
  0x0000012bd8edfc70 JavaThread "Thread-8"                   daemon [_thread_in_native, id=18088, stack(0x0000000f92900000,0x0000000f92a00000) (1024K)]
  0x0000012bd8ee0300 JavaThread "Thread-9"                   daemon [_thread_in_native, id=19296, stack(0x0000000f92a00000,0x0000000f92b00000) (1024K)]
  0x0000012bd8edf5e0 JavaThread "Thread-10"                  daemon [_thread_in_native, id=17804, stack(0x0000000f92b00000,0x0000000f92c00000) (1024K)]
  0x0000012bd8ee0990 JavaThread "Thread-11"                  daemon [_thread_in_native, id=5296, stack(0x0000000f92c00000,0x0000000f92d00000) (1024K)]
  0x0000012bd8edd510 JavaThread "Thread-12"                  daemon [_thread_in_native, id=16732, stack(0x0000000f92d00000,0x0000000f92e00000) (1024K)]
  0x0000012bd8ede230 JavaThread "Thread-13"                  daemon [_thread_in_native, id=7476, stack(0x0000000f92e00000,0x0000000f92f00000) (1024K)]
  0x0000012bd8ede8c0 JavaThread "pool-2-thread-1"                   [_thread_blocked, id=1600, stack(0x0000000f92f00000,0x0000000f93000000) (1024K)]
  0x0000012bd9908c60 JavaThread "WorkspaceEventsHandler"            [_thread_blocked, id=18832, stack(0x0000000f93000000,0x0000000f93100000) (1024K)]
  0x0000012bd9906b90 JavaThread "pool-1-thread-1"                   [_thread_blocked, id=15840, stack(0x0000000f93100000,0x0000000f93200000) (1024K)]
  0x0000012bd9907220 JavaThread "Worker-6"                          [_thread_blocked, id=7488, stack(0x0000000f93200000,0x0000000f93300000) (1024K)]
  0x0000012bd99085d0 JavaThread "LocalFile Deleter"          daemon [_thread_blocked, id=7348, stack(0x0000000f93400000,0x0000000f93500000) (1024K)]
  0x0000012bd9907f40 JavaThread "LocalFile Deleter"          daemon [_thread_blocked, id=5208, stack(0x0000000f93500000,0x0000000f93600000) (1024K)]
  0x0000012bd99092f0 JavaThread "LocalFile Deleter"          daemon [_thread_blocked, id=17784, stack(0x0000000f93600000,0x0000000f93700000) (1024K)]
  0x0000012bd9906500 JavaThread "LocalFile Deleter"          daemon [_thread_blocked, id=4656, stack(0x0000000f93700000,0x0000000f93800000) (1024K)]
  0x0000012bd9909980 JavaThread "LocalFile Deleter"          daemon [_thread_blocked, id=18188, stack(0x0000000f93800000,0x0000000f93900000) (1024K)]
  0x0000012bd990a6a0 JavaThread "LocalFile Deleter"          daemon [_thread_blocked, id=15504, stack(0x0000000f93900000,0x0000000f93a00000) (1024K)]
  0x0000012bd990a010 JavaThread "LocalFile Deleter"          daemon [_thread_blocked, id=2988, stack(0x0000000f93a00000,0x0000000f93b00000) (1024K)]
  0x0000012bd990ad30 JavaThread "LocalFile Deleter"          daemon [_thread_blocked, id=16208, stack(0x0000000f93b00000,0x0000000f93c00000) (1024K)]
  0x0000012bd99078b0 JavaThread "LocalFile Deleter"          daemon [_thread_blocked, id=8076, stack(0x0000000f93c00000,0x0000000f93d00000) (1024K)]
  0x0000012bd990b3c0 JavaThread "LocalFile Deleter"          daemon [_thread_blocked, id=7264, stack(0x0000000f93d00000,0x0000000f93e00000) (1024K)]
  0x0000012bd990ba50 JavaThread "LocalFile Deleter"          daemon [_thread_blocked, id=19160, stack(0x0000000f93e00000,0x0000000f93f00000) (1024K)]
  0x0000012bd990c770 JavaThread "Compiler Source File Reader" daemon [_thread_blocked, id=14652, stack(0x0000000f93f00000,0x0000000f94000000) (1024K)]
  0x0000012bd990ce00 JavaThread "Compiler Source File Reader" daemon [_thread_blocked, id=10632, stack(0x0000000f94000000,0x0000000f94100000) (1024K)]
  0x0000012bd990d490 JavaThread "Compiler Source File Reader" daemon [_thread_blocked, id=11748, stack(0x0000000f94100000,0x0000000f94200000) (1024K)]
  0x0000012bd990db20 JavaThread "Compiler Source File Reader" daemon [_thread_blocked, id=17632, stack(0x0000000f94200000,0x0000000f94300000) (1024K)]
  0x0000012be25d11e0 JavaThread "Compiler Source File Reader" daemon [_thread_blocked, id=4924, stack(0x0000000f94300000,0x0000000f94400000) (1024K)]
  0x0000012be25d2590 JavaThread "Compiler Processing Task"   daemon [_thread_blocked, id=2500, stack(0x0000000f94400000,0x0000000f94500000) (1024K)]
  0x0000012be25d32b0 JavaThread "Compiler Class File Writer" daemon [_thread_blocked, id=11804, stack(0x0000000f94500000,0x0000000f94600000) (1024K)]
  0x0000012be25cfe30 JavaThread "Compiler Class File Writer" daemon [_thread_blocked, id=16684, stack(0x0000000f94600000,0x0000000f94700000) (1024K)]
  0x0000012be25d3940 JavaThread "Compiler Class File Writer" daemon [_thread_blocked, id=4584, stack(0x0000000f94700000,0x0000000f94800000) (1024K)]
  0x0000012be25d04c0 JavaThread "Compiler Class File Writer" daemon [_thread_blocked, id=18500, stack(0x0000000f94800000,0x0000000f94900000) (1024K)]
  0x0000012be25d3fd0 JavaThread "Compiler Class File Writer" daemon [_thread_blocked, id=1860, stack(0x0000000f94900000,0x0000000f94a00000) (1024K)]
  0x0000012be25d5380 JavaThread "Compiler Source File Reader" daemon [_thread_blocked, id=17324, stack(0x0000000f94a00000,0x0000000f94b00000) (1024K)]
  0x0000012be25d6dc0 JavaThread "Compiler Class File Writer" daemon [_thread_blocked, id=2396, stack(0x0000000f94b00000,0x0000000f94c00000) (1024K)]
  0x0000012bd7376030 JavaThread "LocalFile Deleter"          daemon [_thread_blocked, id=14600, stack(0x0000000f94c00000,0x0000000f94d00000) (1024K)]
  0x0000012bd7377a70 JavaThread "Compiler Source File Reader" daemon [_thread_blocked, id=13232, stack(0x0000000f94d00000,0x0000000f94e00000) (1024K)]
  0x0000012be25d7450 JavaThread "Compiler Source File Reader" daemon [_thread_blocked, id=10656, stack(0x0000000f94e00000,0x0000000f94f00000) (1024K)]
  0x0000012be25d4cf0 JavaThread "Compiler Source File Reader" daemon [_thread_blocked, id=10736, stack(0x0000000f94f00000,0x0000000f95000000) (1024K)]
  0x0000012be25d6730 JavaThread "Compiler Source File Reader" daemon [_thread_blocked, id=19036, stack(0x0000000f95000000,0x0000000f95100000) (1024K)]
  0x0000012be2039aa0 JavaThread "Compiler Class File Writer" daemon [_thread_blocked, id=11880, stack(0x0000000f95100000,0x0000000f95200000) (1024K)]
  0x0000012be2039410 JavaThread "Compiler Class File Writer" daemon [_thread_blocked, id=19320, stack(0x0000000f95200000,0x0000000f95300000) (1024K)]
  0x0000012be203a130 JavaThread "Compiler Class File Writer" daemon [_thread_blocked, id=13656, stack(0x0000000f95300000,0x0000000f95400000) (1024K)]
  0x0000012be203bb70 JavaThread "Compiler Class File Writer" daemon [_thread_blocked, id=11968, stack(0x0000000f95400000,0x0000000f95500000) (1024K)]
  0x0000012be203b4e0 JavaThread "ForkJoinPool.commonPool-worker-1" daemon [_thread_blocked, id=11636, stack(0x0000000f95500000,0x0000000f95600000) (1024K)]
=>0x0000012be23bb110 JavaThread "C2 CompilerThread1"         daemon [_thread_in_native, id=14692, stack(0x0000000f91600000,0x0000000f91700000) (1024K)]
  0x0000012be203cf20 JavaThread "ForkJoinPool.commonPool-worker-2" daemon [_thread_blocked, id=3488, stack(0x0000000f8f700000,0x0000000f8f800000) (1024K)]
  0x0000012be203f680 JavaThread "ForkJoinPool.commonPool-worker-3" daemon [_thread_blocked, id=4808, stack(0x0000000f8f800000,0x0000000f8f900000) (1024K)]
  0x0000012be203c200 JavaThread "ForkJoinPool.commonPool-worker-4" daemon [_thread_blocked, id=18756, stack(0x0000000f93300000,0x0000000f93400000) (1024K)]
  0x0000012be203fd10 JavaThread "ForkJoinPool.commonPool-worker-5" daemon [_thread_blocked, id=18688, stack(0x0000000f95600000,0x0000000f95700000) (1024K)]
  0x0000012be203c890 JavaThread "ForkJoinPool.commonPool-worker-6" daemon [_thread_blocked, id=12824, stack(0x0000000f95700000,0x0000000f95800000) (1024K)]
  0x0000012be203e2d0 JavaThread "ForkJoinPool.commonPool-worker-7" daemon [_thread_blocked, id=14088, stack(0x0000000f95800000,0x0000000f95900000) (1024K)]
  0x0000012be4bd9710 JavaThread "ForkJoinPool.commonPool-worker-8" daemon [_thread_blocked, id=18740, stack(0x0000000f95900000,0x0000000f95a00000) (1024K)]
  0x0000012be4bd8360 JavaThread "ForkJoinPool.commonPool-worker-10" daemon [_thread_blocked, id=18752, stack(0x0000000f95a00000,0x0000000f95b00000) (1024K)]
  0x0000012be4bd6920 JavaThread "ForkJoinPool.commonPool-worker-9" daemon [_thread_blocked, id=18732, stack(0x0000000f95b00000,0x0000000f95c00000) (1024K)]
  0x0000012be4bd6fb0 JavaThread "ForkJoinPool.commonPool-worker-11" daemon [_thread_blocked, id=14224, stack(0x0000000f95c00000,0x0000000f95d00000) (1024K)]
  0x0000012be4bd7640 JavaThread "Cleaner-0"                  daemon [_thread_blocked, id=3984, stack(0x0000000f95e00000,0x0000000f95f00000) (1024K)]
Total: 89

Other Threads:
  0x0000012b8f5e4510 VMThread "VM Thread"                           [id=4388, stack(0x0000000f8fc00000,0x0000000f8fd00000) (1024K)]
  0x0000012bf8a9d9c0 WatcherThread "VM Periodic Task Thread"        [id=18988, stack(0x0000000f8fb00000,0x0000000f8fc00000) (1024K)]
  0x0000012bf8a4e0b0 WorkerThread "GC Thread#0"                     [id=7136, stack(0x0000000f8fa00000,0x0000000f8fb00000) (1024K)]
  0x0000012bd7032060 WorkerThread "GC Thread#1"                     [id=1640, stack(0x0000000f90800000,0x0000000f90900000) (1024K)]
  0x0000012bd7039950 WorkerThread "GC Thread#2"                     [id=18828, stack(0x0000000f90900000,0x0000000f90a00000) (1024K)]
  0x0000012bd77f79d0 WorkerThread "GC Thread#3"                     [id=7852, stack(0x0000000f90a00000,0x0000000f90b00000) (1024K)]
  0x0000012bd72de950 WorkerThread "GC Thread#4"                     [id=8020, stack(0x0000000f90b00000,0x0000000f90c00000) (1024K)]
  0x0000012bd72ded00 WorkerThread "GC Thread#5"                     [id=7380, stack(0x0000000f90c00000,0x0000000f90d00000) (1024K)]
  0x0000012bd72df0b0 WorkerThread "GC Thread#6"                     [id=7384, stack(0x0000000f90d00000,0x0000000f90e00000) (1024K)]
  0x0000012bf8aeead0 WorkerThread "GC Thread#7"                     [id=13052, stack(0x0000000f90e00000,0x0000000f90f00000) (1024K)]
  0x0000012bd7b9d920 WorkerThread "GC Thread#8"                     [id=18556, stack(0x0000000f91300000,0x0000000f91400000) (1024K)]
  0x0000012bd7b9dcd0 WorkerThread "GC Thread#9"                     [id=18788, stack(0x0000000f91400000,0x0000000f91500000) (1024K)]
Total: 12

Threads with active compile tasks:
C2 CompilerThread1  67629 15314       4       org.eclipse.jdt.internal.core.JavaProject$ModuleLookup::addTransitive (71 bytes)
Total: 1

VM state: not at safepoint (normal execution)

VM Mutex/Monitor currently owned by a thread: None

Heap address: 0x0000000080000000, size: 2048 MB, Compressed Oops mode: 32-bit

CDS archive(s) mapped at: [0x0000012b90000000-0x0000012b90ba0000-0x0000012b90ba0000), size 12189696, SharedBaseAddress: 0x0000012b90000000, ArchiveRelocationMode: 1.
Compressed class space mapped at: 0x0000012b91000000-0x0000012bd1000000, reserved size: 1073741824
Narrow klass base: 0x0000012b90000000, Narrow klass shift: 0, Narrow klass range: 0x100000000

GC Precious Log:
 CardTable entry size: 512
 CPUs: 12 total, 12 available
 Memory: 7830M
 Large Page Support: Disabled
 NUMA Support: Disabled
 Compressed Oops: Enabled (32-bit)
 Alignments: Space 512K, Generation 512K, Heap 2M
 Heap Min Capacity: 100M
 Heap Initial Capacity: 100M
 Heap Max Capacity: 2G
 Pre-touch: Disabled
 Parallel Workers: 10

Heap:
 PSYoungGen      total 14336K, used 13616K [0x00000000d5580000, 0x00000000d6c00000, 0x0000000100000000)
  eden space 13824K, 94% used [0x00000000d5580000,0x00000000d62500b8,0x00000000d6300000)
  from space 512K, 96% used [0x00000000d6400000,0x00000000d647c0a0,0x00000000d6480000)
  to   space 4608K, 0% used [0x00000000d6780000,0x00000000d6780000,0x00000000d6c00000)
 ParOldGen       total 278016K, used 277689K [0x0000000080000000, 0x0000000090f80000, 0x00000000d5580000)
  object space 278016K, 99% used [0x0000000080000000,0x0000000090f2e5d0,0x0000000090f80000)
 Metaspace       used 72449K, committed 74176K, reserved 1179648K
  class space    used 7491K, committed 8256K, reserved 1048576K

Card table byte_map: [0x0000012bf83d0000,0x0000012bf87e0000] _byte_map_base: 0x0000012bf7fd0000

Marking Bits: (ParMarkBitMap*) 0x00007fffc65d3450
 Begin Bits: [0x0000012bfbee0000, 0x0000012bfdee0000)
 End Bits:   [0x0000012bfdee0000, 0x0000012bffee0000)

Polling page: 0x0000012bf6c10000

Metaspace:

Usage:
  Non-class:     63.44 MB used.
      Class:      7.32 MB used.
       Both:     70.75 MB used.

Virtual space:
  Non-class space:      128.00 MB reserved,      64.38 MB ( 50%) committed,  2 nodes.
      Class space:        1.00 GB reserved,       8.06 MB ( <1%) committed,  1 nodes.
             Both:        1.12 GB reserved,      72.44 MB (  6%) committed. 

Chunk freelists:
   Non-Class:  15.34 MB
       Class:  7.94 MB
        Both:  23.28 MB

MaxMetaspaceSize: unlimited
CompressedClassSpaceSize: 1.00 GB
Initial GC threshold: 21.00 MB
Current GC threshold: 97.31 MB
CDS: on
 - commit_granule_bytes: 65536.
 - commit_granule_words: 8192.
 - virtual_space_node_default_size: 8388608.
 - enlarge_chunks_in_place: 1.
 - use_allocation_guard: 0.


Internal statistics:

num_allocs_failed_limit: 11.
num_arena_births: 1308.
num_arena_deaths: 22.
num_vsnodes_births: 3.
num_vsnodes_deaths: 0.
num_space_committed: 1159.
num_space_uncommitted: 0.
num_chunks_returned_to_freelist: 37.
num_chunks_taken_from_freelist: 4977.
num_chunk_merges: 18.
num_chunk_splits: 2932.
num_chunks_enlarged: 1496.
num_inconsistent_stats: 0.

CodeHeap 'non-profiled nmethods': size=120000Kb used=11192Kb max_used=11192Kb free=108807Kb
 bounds [0x0000012b87ad0000, 0x0000012b885c0000, 0x0000012b8f000000]
CodeHeap 'profiled nmethods': size=120000Kb used=32570Kb max_used=32570Kb free=87429Kb
 bounds [0x0000012b80000000, 0x0000012b81fd0000, 0x0000012b87530000]
CodeHeap 'non-nmethods': size=5760Kb used=1472Kb max_used=1565Kb free=4287Kb
 bounds [0x0000012b87530000, 0x0000012b877a0000, 0x0000012b87ad0000]
CodeCache: size=245760Kb, used=45234Kb, max_used=45327Kb, free=200523Kb
 total_blobs=15045, nmethods=14265, adapters=684, full_count=0
Compilation: enabled, stopped_count=0, restarted_count=0

Compilation events (20 events):
Event: 66.037 Thread 0x0000012bf8aebec0 nmethod 15317 0x0000012b81fc6710 code [0x0000012b81fc6960, 0x0000012b81fc73f8]
Event: 66.037 Thread 0x0000012bf8aebec0 15318   !   3       java.lang.Object::wait (50 bytes)
Event: 66.039 Thread 0x0000012bf8aebec0 nmethod 15318 0x0000012b81fc7790 code [0x0000012b81fc79a0, 0x0000012b81fc7f08]
Event: 66.039 Thread 0x0000012bf8aebec0 15319       3       java.nio.DirectByteBuffer$Deallocator::run (23 bytes)
Event: 66.039 Thread 0x0000012bf8aebec0 nmethod 15319 0x0000012b81fc8190 code [0x0000012b81fc8380, 0x0000012b81fc86f0]
Event: 66.039 Thread 0x0000012bf8aebec0 15323       3       java.util.concurrent.CountDownLatch::await (9 bytes)
Event: 66.039 Thread 0x0000012bf8aebec0 nmethod 15323 0x0000012b81fc8890 code [0x0000012b81fc8a40, 0x0000012b81fc8b88]
Event: 66.039 Thread 0x0000012bf8aebec0 15320       3       java.util.concurrent.locks.AbstractQueuedSynchronizer::acquireSharedInterruptibly (36 bytes)
Event: 66.040 Thread 0x0000012bf8aebec0 nmethod 15320 0x0000012b81fc8c90 code [0x0000012b81fc8ea0, 0x0000012b81fc9428]
Event: 66.040 Thread 0x0000012bf8aebec0 15324   !   3       java.nio.DirectByteBuffer::<init> (171 bytes)
Event: 66.040 Thread 0x0000012be23bb7e0 nmethod 15313 0x0000012b885a7810 code [0x0000012b885a7a00, 0x0000012b885a7fa0]
Event: 66.040 Thread 0x0000012be23bb7e0 15316       4       org.eclipse.jdt.internal.core.JavaProject::computePackageFragmentRoots (683 bytes)
Event: 66.042 Thread 0x0000012bf8aebec0 nmethod 15324 0x0000012b81fc9610 code [0x0000012b81fc9900, 0x0000012b81fca760]
Event: 66.042 Thread 0x0000012bf8aebec0 15321   !   3       jdk.internal.ref.Cleaner::clean (35 bytes)
Event: 66.042 Thread 0x0000012bf8aebec0 nmethod 15321 0x0000012b81fcae10 code [0x0000012b81fcb040, 0x0000012b81fcb630]
Event: 66.042 Thread 0x0000012bf8aebec0 15322  s    3       jdk.internal.ref.Cleaner::remove (89 bytes)
Event: 66.042 Thread 0x0000012bf8aebec0 nmethod 15322 0x0000012b81fcb890 code [0x0000012b81fcba60, 0x0000012b81fcbe60]
Event: 66.270 Thread 0x0000012be23bb7e0 nmethod 15316 0x0000012b885a8190 code [0x0000012b885a8a80, 0x0000012b885ae310]
Event: 66.383 Thread 0x0000012bf8ae9eb0 nmethod 15315 0x0000012b885b2b10 code [0x0000012b885b32c0, 0x0000012b885b9d68]
Event: 66.572 Thread 0x0000012bf8aebec0 15325       3       java.lang.Integer::toString (8 bytes)

GC Heap History (20 events):
Event: 64.239 GC heap before
{Heap before GC invocations=475 (full 3):
 PSYoungGen      total 15872K, used 15499K [0x00000000d5580000, 0x00000000d6600000, 0x0000000100000000)
  eden space 14848K, 100% used [0x00000000d5580000,0x00000000d6400000,0x00000000d6400000)
  from space 1024K, 63% used [0x00000000d6400000,0x00000000d64a2df8,0x00000000d6500000)
  to   space 1024K, 0% used [0x00000000d6500000,0x00000000d6500000,0x00000000d6600000)
 ParOldGen       total 271872K, used 271617K [0x0000000080000000, 0x0000000090980000, 0x00000000d5580000)
  object space 271872K, 99% used [0x0000000080000000,0x0000000090940448,0x0000000090980000)
 Metaspace       used 70898K, committed 72512K, reserved 1114112K
  class space    used 7346K, committed 8064K, reserved 1048576K
}
Event: 64.242 GC heap after
{Heap after GC invocations=475 (full 3):
 PSYoungGen      total 15872K, used 500K [0x00000000d5580000, 0x00000000d6600000, 0x0000000100000000)
  eden space 14848K, 0% used [0x00000000d5580000,0x00000000d5580000,0x00000000d6400000)
  from space 1024K, 48% used [0x00000000d6500000,0x00000000d657d220,0x00000000d6600000)
  to   space 1024K, 0% used [0x00000000d6400000,0x00000000d6400000,0x00000000d6500000)
 ParOldGen       total 271872K, used 271705K [0x0000000080000000, 0x0000000090980000, 0x00000000d5580000)
  object space 271872K, 99% used [0x0000000080000000,0x0000000090956448,0x0000000090980000)
 Metaspace       used 70898K, committed 72512K, reserved 1114112K
  class space    used 7346K, committed 8064K, reserved 1048576K
}
Event: 64.304 GC heap before
{Heap before GC invocations=476 (full 3):
 PSYoungGen      total 15872K, used 15348K [0x00000000d5580000, 0x00000000d6600000, 0x0000000100000000)
  eden space 14848K, 100% used [0x00000000d5580000,0x00000000d6400000,0x00000000d6400000)
  from space 1024K, 48% used [0x00000000d6500000,0x00000000d657d220,0x00000000d6600000)
  to   space 1024K, 0% used [0x00000000d6400000,0x00000000d6400000,0x00000000d6500000)
 ParOldGen       total 271872K, used 271705K [0x0000000080000000, 0x0000000090980000, 0x00000000d5580000)
  object space 271872K, 99% used [0x0000000080000000,0x0000000090956448,0x0000000090980000)
 Metaspace       used 71038K, committed 72704K, reserved 1114112K
  class space    used 7354K, committed 8128K, reserved 1048576K
}
Event: 64.306 GC heap after
{Heap after GC invocations=476 (full 3):
 PSYoungGen      total 15872K, used 858K [0x00000000d5580000, 0x00000000d6600000, 0x0000000100000000)
  eden space 14848K, 0% used [0x00000000d5580000,0x00000000d5580000,0x00000000d6400000)
  from space 1024K, 83% used [0x00000000d6400000,0x00000000d64d6aa8,0x00000000d6500000)
  to   space 1024K, 0% used [0x00000000d6500000,0x00000000d6500000,0x00000000d6600000)
 ParOldGen       total 272384K, used 271949K [0x0000000080000000, 0x0000000090a00000, 0x00000000d5580000)
  object space 272384K, 99% used [0x0000000080000000,0x0000000090993648,0x0000000090a00000)
 Metaspace       used 71038K, committed 72704K, reserved 1114112K
  class space    used 7354K, committed 8128K, reserved 1048576K
}
Event: 64.390 GC heap before
{Heap before GC invocations=477 (full 3):
 PSYoungGen      total 15872K, used 15706K [0x00000000d5580000, 0x00000000d6600000, 0x0000000100000000)
  eden space 14848K, 100% used [0x00000000d5580000,0x00000000d6400000,0x00000000d6400000)
  from space 1024K, 83% used [0x00000000d6400000,0x00000000d64d6aa8,0x00000000d6500000)
  to   space 1024K, 0% used [0x00000000d6500000,0x00000000d6500000,0x00000000d6600000)
 ParOldGen       total 272384K, used 271949K [0x0000000080000000, 0x0000000090a00000, 0x00000000d5580000)
  object space 272384K, 99% used [0x0000000080000000,0x0000000090993648,0x0000000090a00000)
 Metaspace       used 71281K, committed 72960K, reserved 1114112K
  class space    used 7376K, committed 8128K, reserved 1048576K
}
Event: 64.393 GC heap after
{Heap after GC invocations=477 (full 3):
 PSYoungGen      total 14848K, used 1008K [0x00000000d5580000, 0x00000000d6800000, 0x0000000100000000)
  eden space 13824K, 0% used [0x00000000d5580000,0x00000000d5580000,0x00000000d6300000)
  from space 1024K, 98% used [0x00000000d6500000,0x00000000d65fc010,0x00000000d6600000)
  to   space 2048K, 0% used [0x00000000d6300000,0x00000000d6300000,0x00000000d6500000)
 ParOldGen       total 272896K, used 272589K [0x0000000080000000, 0x0000000090a80000, 0x00000000d5580000)
  object space 272896K, 99% used [0x0000000080000000,0x0000000090a33648,0x0000000090a80000)
 Metaspace       used 71281K, committed 72960K, reserved 1114112K
  class space    used 7376K, committed 8128K, reserved 1048576K
}
Event: 64.525 GC heap before
{Heap before GC invocations=478 (full 3):
 PSYoungGen      total 14848K, used 14768K [0x00000000d5580000, 0x00000000d6800000, 0x0000000100000000)
  eden space 13824K, 99% used [0x00000000d5580000,0x00000000d62f00c0,0x00000000d6300000)
  from space 1024K, 98% used [0x00000000d6500000,0x00000000d65fc010,0x00000000d6600000)
  to   space 2048K, 0% used [0x00000000d6300000,0x00000000d6300000,0x00000000d6500000)
 ParOldGen       total 272896K, used 272589K [0x0000000080000000, 0x0000000090a80000, 0x00000000d5580000)
  object space 272896K, 99% used [0x0000000080000000,0x0000000090a33648,0x0000000090a80000)
 Metaspace       used 71641K, committed 73280K, reserved 1114112K
  class space    used 7408K, committed 8128K, reserved 1048576K
}
Event: 64.529 GC heap after
{Heap after GC invocations=478 (full 3):
 PSYoungGen      total 14848K, used 576K [0x00000000d5580000, 0x00000000d6580000, 0x0000000100000000)
  eden space 13824K, 0% used [0x00000000d5580000,0x00000000d5580000,0x00000000d6300000)
  from space 1024K, 56% used [0x00000000d6300000,0x00000000d6390000,0x00000000d6400000)
  to   space 1024K, 0% used [0x00000000d6480000,0x00000000d6480000,0x00000000d6580000)
 ParOldGen       total 273408K, used 273380K [0x0000000080000000, 0x0000000090b00000, 0x00000000d5580000)
  object space 273408K, 99% used [0x0000000080000000,0x0000000090af90c8,0x0000000090b00000)
 Metaspace       used 71641K, committed 73280K, reserved 1114112K
  class space    used 7408K, committed 8128K, reserved 1048576K
}
Event: 64.636 GC heap before
{Heap before GC invocations=479 (full 3):
 PSYoungGen      total 14848K, used 14400K [0x00000000d5580000, 0x00000000d6580000, 0x0000000100000000)
  eden space 13824K, 100% used [0x00000000d5580000,0x00000000d6300000,0x00000000d6300000)
  from space 1024K, 56% used [0x00000000d6300000,0x00000000d6390000,0x00000000d6400000)
  to   space 1024K, 0% used [0x00000000d6480000,0x00000000d6480000,0x00000000d6580000)
 ParOldGen       total 273408K, used 273380K [0x0000000080000000, 0x0000000090b00000, 0x00000000d5580000)
  object space 273408K, 99% used [0x0000000080000000,0x0000000090af90c8,0x0000000090b00000)
 Metaspace       used 72015K, committed 73664K, reserved 1179648K
  class space    used 7455K, committed 8192K, reserved 1048576K
}
Event: 64.640 GC heap after
{Heap after GC invocations=479 (full 3):
 PSYoungGen      total 14336K, used 416K [0x00000000d5580000, 0x00000000d6500000, 0x0000000100000000)
  eden space 13824K, 0% used [0x00000000d5580000,0x00000000d5580000,0x00000000d6300000)
  from space 512K, 81% used [0x00000000d6480000,0x00000000d64e8000,0x00000000d6500000)
  to   space 1024K, 0% used [0x00000000d6300000,0x00000000d6300000,0x00000000d6400000)
 ParOldGen       total 273920K, used 273776K [0x0000000080000000, 0x0000000090b80000, 0x00000000d5580000)
  object space 273920K, 99% used [0x0000000080000000,0x0000000090b5c0d8,0x0000000090b80000)
 Metaspace       used 72015K, committed 73664K, reserved 1179648K
  class space    used 7455K, committed 8192K, reserved 1048576K
}
Event: 64.715 GC heap before
{Heap before GC invocations=480 (full 3):
 PSYoungGen      total 14336K, used 14172K [0x00000000d5580000, 0x00000000d6500000, 0x0000000100000000)
  eden space 13824K, 99% used [0x00000000d5580000,0x00000000d62ef368,0x00000000d6300000)
  from space 512K, 81% used [0x00000000d6480000,0x00000000d64e8000,0x00000000d6500000)
  to   space 1024K, 0% used [0x00000000d6300000,0x00000000d6300000,0x00000000d6400000)
 ParOldGen       total 273920K, used 273776K [0x0000000080000000, 0x0000000090b80000, 0x00000000d5580000)
  object space 273920K, 99% used [0x0000000080000000,0x0000000090b5c0d8,0x0000000090b80000)
 Metaspace       used 72176K, committed 73792K, reserved 1179648K
  class space    used 7461K, committed 8192K, reserved 1048576K
}
Event: 64.717 GC heap after
{Heap after GC invocations=480 (full 3):
 PSYoungGen      total 14848K, used 416K [0x00000000d5580000, 0x00000000d6500000, 0x0000000100000000)
  eden space 13824K, 0% used [0x00000000d5580000,0x00000000d5580000,0x00000000d6300000)
  from space 1024K, 40% used [0x00000000d6300000,0x00000000d6368000,0x00000000d6400000)
  to   space 512K, 0% used [0x00000000d6480000,0x00000000d6480000,0x00000000d6500000)
 ParOldGen       total 273920K, used 273872K [0x0000000080000000, 0x0000000090b80000, 0x00000000d5580000)
  object space 273920K, 99% used [0x0000000080000000,0x0000000090b740d8,0x0000000090b80000)
 Metaspace       used 72176K, committed 73792K, reserved 1179648K
  class space    used 7461K, committed 8192K, reserved 1048576K
}
Event: 64.996 GC heap before
{Heap before GC invocations=481 (full 3):
 PSYoungGen      total 14848K, used 14240K [0x00000000d5580000, 0x00000000d6500000, 0x0000000100000000)
  eden space 13824K, 100% used [0x00000000d5580000,0x00000000d6300000,0x00000000d6300000)
  from space 1024K, 40% used [0x00000000d6300000,0x00000000d6368000,0x00000000d6400000)
  to   space 512K, 0% used [0x00000000d6480000,0x00000000d6480000,0x00000000d6500000)
 ParOldGen       total 273920K, used 273872K [0x0000000080000000, 0x0000000090b80000, 0x00000000d5580000)
  object space 273920K, 99% used [0x0000000080000000,0x0000000090b740d8,0x0000000090b80000)
 Metaspace       used 72254K, committed 73856K, reserved 1179648K
  class space    used 7472K, committed 8192K, reserved 1048576K
}
Event: 64.998 GC heap after
{Heap after GC invocations=481 (full 3):
 PSYoungGen      total 14336K, used 288K [0x00000000d5580000, 0x00000000d6500000, 0x0000000100000000)
  eden space 13824K, 0% used [0x00000000d5580000,0x00000000d5580000,0x00000000d6300000)
  from space 512K, 56% used [0x00000000d6480000,0x00000000d64c8000,0x00000000d6500000)
  to   space 512K, 0% used [0x00000000d6400000,0x00000000d6400000,0x00000000d6480000)
 ParOldGen       total 274432K, used 274080K [0x0000000080000000, 0x0000000090c00000, 0x00000000d5580000)
  object space 274432K, 99% used [0x0000000080000000,0x0000000090ba80d8,0x0000000090c00000)
 Metaspace       used 72254K, committed 73856K, reserved 1179648K
  class space    used 7472K, committed 8192K, reserved 1048576K
}
Event: 65.152 GC heap before
{Heap before GC invocations=482 (full 3):
 PSYoungGen      total 14336K, used 14112K [0x00000000d5580000, 0x00000000d6500000, 0x0000000100000000)
  eden space 13824K, 100% used [0x00000000d5580000,0x00000000d6300000,0x00000000d6300000)
  from space 512K, 56% used [0x00000000d6480000,0x00000000d64c8000,0x00000000d6500000)
  to   space 512K, 0% used [0x00000000d6400000,0x00000000d6400000,0x00000000d6480000)
 ParOldGen       total 274432K, used 274080K [0x0000000080000000, 0x0000000090c00000, 0x00000000d5580000)
  object space 274432K, 99% used [0x0000000080000000,0x0000000090ba80d8,0x0000000090c00000)
 Metaspace       used 72269K, committed 73856K, reserved 1179648K
  class space    used 7473K, committed 8192K, reserved 1048576K
}
Event: 65.154 GC heap after
{Heap after GC invocations=482 (full 3):
 PSYoungGen      total 14336K, used 512K [0x00000000d5580000, 0x00000000d6500000, 0x0000000100000000)
  eden space 13824K, 0% used [0x00000000d5580000,0x00000000d5580000,0x00000000d6300000)
  from space 512K, 100% used [0x00000000d6400000,0x00000000d6480000,0x00000000d6480000)
  to   space 512K, 0% used [0x00000000d6480000,0x00000000d6480000,0x00000000d6500000)
 ParOldGen       total 274432K, used 274192K [0x0000000080000000, 0x0000000090c00000, 0x00000000d5580000)
  object space 274432K, 99% used [0x0000000080000000,0x0000000090bc40d8,0x0000000090c00000)
 Metaspace       used 72269K, committed 73856K, reserved 1179648K
  class space    used 7473K, committed 8192K, reserved 1048576K
}
Event: 65.507 GC heap before
{Heap before GC invocations=483 (full 3):
 PSYoungGen      total 14336K, used 14336K [0x00000000d5580000, 0x00000000d6500000, 0x0000000100000000)
  eden space 13824K, 100% used [0x00000000d5580000,0x00000000d6300000,0x00000000d6300000)
  from space 512K, 100% used [0x00000000d6400000,0x00000000d6480000,0x00000000d6480000)
  to   space 512K, 0% used [0x00000000d6480000,0x00000000d6480000,0x00000000d6500000)
 ParOldGen       total 274432K, used 274192K [0x0000000080000000, 0x0000000090c00000, 0x00000000d5580000)
  object space 274432K, 99% used [0x0000000080000000,0x0000000090bc40d8,0x0000000090c00000)
 Metaspace       used 72277K, committed 73920K, reserved 1179648K
  class space    used 7474K, committed 8192K, reserved 1048576K
}
Event: 65.510 GC heap after
{Heap after GC invocations=483 (full 3):
 PSYoungGen      total 14336K, used 256K [0x00000000d5580000, 0x00000000d6500000, 0x0000000100000000)
  eden space 13824K, 0% used [0x00000000d5580000,0x00000000d5580000,0x00000000d6300000)
  from space 512K, 50% used [0x00000000d6480000,0x00000000d64c0000,0x00000000d6500000)
  to   space 512K, 0% used [0x00000000d6400000,0x00000000d6400000,0x00000000d6480000)
 ParOldGen       total 274944K, used 274520K [0x0000000080000000, 0x0000000090c80000, 0x00000000d5580000)
  object space 274944K, 99% used [0x0000000080000000,0x0000000090c160d8,0x0000000090c80000)
 Metaspace       used 72277K, committed 73920K, reserved 1179648K
  class space    used 7474K, committed 8192K, reserved 1048576K
}
Event: 65.656 GC heap before
{Heap before GC invocations=484 (full 3):
 PSYoungGen      total 14336K, used 14080K [0x00000000d5580000, 0x00000000d6500000, 0x0000000100000000)
  eden space 13824K, 100% used [0x00000000d5580000,0x00000000d6300000,0x00000000d6300000)
  from space 512K, 50% used [0x00000000d6480000,0x00000000d64c0000,0x00000000d6500000)
  to   space 512K, 0% used [0x00000000d6400000,0x00000000d6400000,0x00000000d6480000)
 ParOldGen       total 274944K, used 274520K [0x0000000080000000, 0x0000000090c80000, 0x00000000d5580000)
  object space 274944K, 99% used [0x0000000080000000,0x0000000090c160d8,0x0000000090c80000)
 Metaspace       used 72350K, committed 74048K, reserved 1179648K
  class space    used 7483K, committed 8256K, reserved 1048576K
}
Event: 65.660 GC heap after
{Heap after GC invocations=484 (full 3):
 PSYoungGen      total 14336K, used 496K [0x00000000d5580000, 0x00000000d6c00000, 0x0000000100000000)
  eden space 13824K, 0% used [0x00000000d5580000,0x00000000d5580000,0x00000000d6300000)
  from space 512K, 96% used [0x00000000d6400000,0x00000000d647c0a0,0x00000000d6480000)
  to   space 4608K, 0% used [0x00000000d6780000,0x00000000d6780000,0x00000000d6c00000)
 ParOldGen       total 278016K, used 277689K [0x0000000080000000, 0x0000000090f80000, 0x00000000d5580000)
  object space 278016K, 99% used [0x0000000080000000,0x0000000090f2e5d0,0x0000000090f80000)
 Metaspace       used 72350K, committed 74048K, reserved 1179648K
  class space    used 7483K, committed 8256K, reserved 1048576K
}

Dll operation events (10 events):
Event: 0.033 Loaded shared library c:\Users\ankit\.vscode\extensions\redhat.java-1.54.0-win32-x64\jre\21.0.10-win32-x86_64\bin\java.dll
Event: 0.247 Loaded shared library c:\Users\ankit\.vscode\extensions\redhat.java-1.54.0-win32-x64\jre\21.0.10-win32-x86_64\bin\zip.dll
Event: 0.293 Loaded shared library C:\Users\ankit\.vscode\extensions\redhat.java-1.54.0-win32-x64\jre\21.0.10-win32-x86_64\bin\instrument.dll
Event: 0.305 Loaded shared library C:\Users\ankit\.vscode\extensions\redhat.java-1.54.0-win32-x64\jre\21.0.10-win32-x86_64\bin\net.dll
Event: 0.310 Loaded shared library C:\Users\ankit\.vscode\extensions\redhat.java-1.54.0-win32-x64\jre\21.0.10-win32-x86_64\bin\nio.dll
Event: 0.317 Loaded shared library C:\Users\ankit\.vscode\extensions\redhat.java-1.54.0-win32-x64\jre\21.0.10-win32-x86_64\bin\zip.dll
Event: 0.366 Loaded shared library C:\Users\ankit\.vscode\extensions\redhat.java-1.54.0-win32-x64\jre\21.0.10-win32-x86_64\bin\jimage.dll
Event: 0.539 Loaded shared library c:\Users\ankit\.vscode\extensions\redhat.java-1.54.0-win32-x64\jre\21.0.10-win32-x86_64\bin\verify.dll
Event: 18.071 Loaded shared library C:\Users\ankit\AppData\Roaming\Code\User\globalStorage\redhat.java\1.54.0\config_win\org.eclipse.equinox.launcher\org.eclipse.equinox.launcher.win32.win32.x86_64_1.3.0.v20260203-2149\eclipse_11919.dll
Event: 25.316 Loaded shared library C:\Users\ankit\AppData\Local\Temp\jna-92964745\jna15778581917335011620.dll

Deoptimization events (20 events):
Event: 65.670 Thread 0x0000012bd8edc7f0 Uncommon trap: trap_request=0xffffffde fr.pc=0x0000012b8840d670 relative=0x0000000000000cd0
Event: 65.670 Thread 0x0000012bd8edc7f0 Uncommon trap: reason=class_check action=maybe_recompile pc=0x0000012b8840d670 method=org.eclipse.jdt.internal.compiler.parser.Parser.consumeToken(Lorg/eclipse/jdt/internal/compiler/parser/TerminalToken;)V @ 1862 c2
Event: 65.670 Thread 0x0000012bd8edc7f0 DEOPT PACKING pc=0x0000012b8840d670 sp=0x0000000f921fecf0
Event: 65.670 Thread 0x0000012bd8edc7f0 DEOPT UNPACKING pc=0x0000012b87586da2 sp=0x0000000f921fec98 mode 2
Event: 65.671 Thread 0x0000012bd8edc7f0 Uncommon trap: trap_request=0xffffffde fr.pc=0x0000012b8840d670 relative=0x0000000000000cd0
Event: 65.671 Thread 0x0000012bd8edc7f0 Uncommon trap: reason=class_check action=maybe_recompile pc=0x0000012b8840d670 method=org.eclipse.jdt.internal.compiler.parser.Parser.consumeToken(Lorg/eclipse/jdt/internal/compiler/parser/TerminalToken;)V @ 1862 c2
Event: 65.671 Thread 0x0000012bd8edc7f0 DEOPT PACKING pc=0x0000012b8840d670 sp=0x0000000f921fecf0
Event: 65.671 Thread 0x0000012bd8edc7f0 DEOPT UNPACKING pc=0x0000012b87586da2 sp=0x0000000f921fec98 mode 2
Event: 65.673 Thread 0x0000012bd8edc7f0 Uncommon trap: trap_request=0xffffffc6 fr.pc=0x0000012b8853b094 relative=0x0000000000000634
Event: 65.673 Thread 0x0000012bd8edc7f0 Uncommon trap: reason=bimorphic_or_optimized_type_check action=maybe_recompile pc=0x0000012b8853b094 method=org.eclipse.jdt.internal.core.util.LRUCache.get(Ljava/lang/Object;)Ljava/lang/Object; @ 20 c2
Event: 65.674 Thread 0x0000012bd8edc7f0 DEOPT PACKING pc=0x0000012b8853b094 sp=0x0000000f921ff450
Event: 65.674 Thread 0x0000012bd8edc7f0 DEOPT UNPACKING pc=0x0000012b87586da2 sp=0x0000000f921ff420 mode 2
Event: 65.754 Thread 0x0000012bd8edc7f0 Uncommon trap: trap_request=0xffffffc6 fr.pc=0x0000012b87c5fa08 relative=0x00000000000001e8
Event: 65.754 Thread 0x0000012bd8edc7f0 Uncommon trap: reason=bimorphic_or_optimized_type_check action=maybe_recompile pc=0x0000012b87c5fa08 method=java.util.Collections.eq(Ljava/lang/Object;Ljava/lang/Object;)Z @ 18 c2
Event: 65.755 Thread 0x0000012bd8edc7f0 DEOPT PACKING pc=0x0000012b87c5fa08 sp=0x0000000f921fef50
Event: 65.755 Thread 0x0000012bd8edc7f0 DEOPT UNPACKING pc=0x0000012b87586da2 sp=0x0000000f921fee90 mode 2
Event: 65.755 Thread 0x0000012bd8edc7f0 Uncommon trap: trap_request=0xffffffc6 fr.pc=0x0000012b87c5fa08 relative=0x00000000000001e8
Event: 65.755 Thread 0x0000012bd8edc7f0 Uncommon trap: reason=bimorphic_or_optimized_type_check action=maybe_recompile pc=0x0000012b87c5fa08 method=java.util.Collections.eq(Ljava/lang/Object;Ljava/lang/Object;)Z @ 18 c2
Event: 65.756 Thread 0x0000012bd8edc7f0 DEOPT PACKING pc=0x0000012b87c5fa08 sp=0x0000000f921ff0b0
Event: 65.756 Thread 0x0000012bd8edc7f0 DEOPT UNPACKING pc=0x0000012b87586da2 sp=0x0000000f921feff0 mode 2

Classes loaded (20 events):
Event: 59.806 Loading class java/util/Collections$SynchronizedRandomAccessList
Event: 59.807 Loading class java/util/Collections$SynchronizedList
Event: 59.808 Loading class java/util/Collections$SynchronizedList done
Event: 59.808 Loading class java/util/Collections$SynchronizedRandomAccessList done
Event: 59.843 Loading class java/util/concurrent/CompletableFuture$Signaller
Event: 59.843 Loading class java/util/concurrent/CompletableFuture$Signaller done
Event: 60.137 Loading class java/nio/charset/CharacterCodingException
Event: 60.137 Loading class java/nio/charset/CharacterCodingException done
Event: 60.137 Loading class java/io/SequenceInputStream
Event: 60.137 Loading class java/io/SequenceInputStream done
Event: 60.362 Loading class javax/xml/transform/TransformerConfigurationException
Event: 60.363 Loading class javax/xml/transform/TransformerConfigurationException done
Event: 60.773 Loading class java/util/Hashtable$KeySet
Event: 60.774 Loading class java/util/Hashtable$KeySet done
Event: 61.187 Loading class java/lang/UnsupportedClassVersionError
Event: 61.188 Loading class java/lang/UnsupportedClassVersionError done
Event: 62.876 Loading class java/util/HashMap$EntrySpliterator
Event: 62.877 Loading class java/util/HashMap$EntrySpliterator done
Event: 64.408 Loading class jdk/internal/ref/CleanerImpl$InnocuousThreadFactory
Event: 64.408 Loading class jdk/internal/ref/CleanerImpl$InnocuousThreadFactory done

Classes unloaded (11 events):
Event: 26.401 Thread 0x0000012b8f5e4510 Unloading class 0x0000012b911a8c00 'java/lang/invoke/LambdaForm$MH+0x0000012b911a8c00'
Event: 26.401 Thread 0x0000012b8f5e4510 Unloading class 0x0000012b911a8800 'java/lang/invoke/LambdaForm$MH+0x0000012b911a8800'
Event: 26.401 Thread 0x0000012b8f5e4510 Unloading class 0x0000012b911a8400 'java/lang/invoke/LambdaForm$MH+0x0000012b911a8400'
Event: 26.401 Thread 0x0000012b8f5e4510 Unloading class 0x0000012b911a8000 'java/lang/invoke/LambdaForm$MH+0x0000012b911a8000'
Event: 26.401 Thread 0x0000012b8f5e4510 Unloading class 0x0000012b911a7c00 'java/lang/invoke/LambdaForm$BMH+0x0000012b911a7c00'
Event: 26.401 Thread 0x0000012b8f5e4510 Unloading class 0x0000012b911a7800 'java/lang/invoke/LambdaForm$DMH+0x0000012b911a7800'
Event: 26.401 Thread 0x0000012b8f5e4510 Unloading class 0x0000012b911a6400 'java/lang/invoke/LambdaForm$DMH+0x0000012b911a6400'
Event: 42.989 Thread 0x0000012b8f5e4510 Unloading class 0x0000012b916a9800 'java/lang/invoke/LambdaForm$DMH+0x0000012b916a9800'
Event: 42.989 Thread 0x0000012b8f5e4510 Unloading class 0x0000012b916a9000 'java/lang/invoke/LambdaForm$DMH+0x0000012b916a9000'
Event: 42.989 Thread 0x0000012b8f5e4510 Unloading class 0x0000012b916a8c00 'java/lang/invoke/LambdaForm$DMH+0x0000012b916a8c00'
Event: 42.989 Thread 0x0000012b8f5e4510 Unloading class 0x0000012b916a9400 'java/lang/invoke/LambdaForm$DMH+0x0000012b916a9400'

Classes redefined (0 events):
No events

Internal exceptions (20 events):
Event: 64.655 Thread 0x0000012bd8edc7f0 Exception <a 'sun/nio/fs/WindowsException'{0x00000000d594c778}> (0x00000000d594c778) 
thrown [s\src\hotspot\share\prims\jni.cpp, line 520]
Event: 64.662 Thread 0x0000012bd8edc7f0 Exception <a 'sun/nio/fs/WindowsException'{0x00000000d5b67d00}> (0x00000000d5b67d00) 
thrown [s\src\hotspot\share\prims\jni.cpp, line 520]
Event: 64.662 Thread 0x0000012bd8edc7f0 Exception <a 'sun/nio/fs/WindowsException'{0x00000000d5b687b0}> (0x00000000d5b687b0) 
thrown [s\src\hotspot\share\prims\jni.cpp, line 520]
Event: 65.120 Thread 0x0000012be4bd6920 Exception <a 'sun/nio/fs/WindowsException'{0x00000000d5843fd8}> (0x00000000d5843fd8) 
thrown [s\src\hotspot\share\prims\jni.cpp, line 520]
Event: 65.120 Thread 0x0000012be4bd6920 Exception <a 'sun/nio/fs/WindowsException'{0x00000000d5844a88}> (0x00000000d5844a88) 
thrown [s\src\hotspot\share\prims\jni.cpp, line 520]
Event: 65.120 Thread 0x0000012be4bd6920 Exception <a 'sun/nio/fs/WindowsException'{0x00000000d5845c40}> (0x00000000d5845c40) 
thrown [s\src\hotspot\share\prims\jni.cpp, line 520]
Event: 65.121 Thread 0x0000012be4bd6920 Exception <a 'sun/nio/fs/WindowsException'{0x00000000d58466f0}> (0x00000000d58466f0) 
thrown [s\src\hotspot\share\prims\jni.cpp, line 520]
Event: 65.121 Thread 0x0000012be4bd6920 Exception <a 'sun/nio/fs/WindowsException'{0x00000000d5848580}> (0x00000000d5848580) 
thrown [s\src\hotspot\share\prims\jni.cpp, line 520]
Event: 65.121 Thread 0x0000012be4bd6920 Exception <a 'sun/nio/fs/WindowsException'{0x00000000d5849030}> (0x00000000d5849030) 
thrown [s\src\hotspot\share\prims\jni.cpp, line 520]
Event: 65.126 Thread 0x0000012be4bd6920 Exception <a 'sun/nio/fs/WindowsException'{0x00000000d59e1480}> (0x00000000d59e1480) 
thrown [s\src\hotspot\share\prims\jni.cpp, line 520]
Event: 65.126 Thread 0x0000012be4bd6920 Exception <a 'sun/nio/fs/WindowsException'{0x00000000d59e1f30}> (0x00000000d59e1f30) 
thrown [s\src\hotspot\share\prims\jni.cpp, line 520]
Event: 65.573 Thread 0x0000012be4bd6920 Exception <a 'sun/nio/fs/WindowsException'{0x00000000d573c058}> (0x00000000d573c058) 
thrown [s\src\hotspot\share\prims\jni.cpp, line 520]
Event: 65.573 Thread 0x0000012be4bd6920 Exception <a 'sun/nio/fs/WindowsException'{0x00000000d573cb08}> (0x00000000d573cb08) 
thrown [s\src\hotspot\share\prims\jni.cpp, line 520]
Event: 65.574 Thread 0x0000012be4bd6920 Exception <a 'sun/nio/fs/WindowsException'{0x00000000d573dcc0}> (0x00000000d573dcc0) 
thrown [s\src\hotspot\share\prims\jni.cpp, line 520]
Event: 65.574 Thread 0x0000012be4bd6920 Exception <a 'sun/nio/fs/WindowsException'{0x00000000d573e770}> (0x00000000d573e770) 
thrown [s\src\hotspot\share\prims\jni.cpp, line 520]
Event: 65.575 Thread 0x0000012be4bd6920 Exception <a 'sun/nio/fs/WindowsException'{0x00000000d5740338}> (0x00000000d5740338) 
thrown [s\src\hotspot\share\prims\jni.cpp, line 520]
Event: 65.575 Thread 0x0000012be4bd6920 Exception <a 'sun/nio/fs/WindowsException'{0x00000000d5740de8}> (0x00000000d5740de8) 
thrown [s\src\hotspot\share\prims\jni.cpp, line 520]
Event: 65.583 Thread 0x0000012be4bd6920 Exception <a 'sun/nio/fs/WindowsException'{0x00000000d5760f60}> (0x00000000d5760f60) 
thrown [s\src\hotspot\share\prims\jni.cpp, line 520]
Event: 65.583 Thread 0x0000012be4bd6920 Exception <a 'sun/nio/fs/WindowsException'{0x00000000d5761a10}> (0x00000000d5761a10) 
thrown [s\src\hotspot\share\prims\jni.cpp, line 520]
Event: 65.592 Thread 0x0000012bd8edc7f0 Exception <a 'java/lang/NoSuchMethodError'{0x00000000d5794c18}: 'java.lang.Object java.lang.invoke.DirectMethodHandle$Holder.invokeStatic(java.lang.Object, java.lang.Object, int, java.lang.Object)'> (0x00000000d5794c18) 
thrown [s\src\hotspot\share\interpreter\linkResolver.cpp, line 773]

ZGC Phase Switch (0 events):
No events

VM Operations (20 events):
Event: 64.252 Executing non-safepoint VM operation: HandshakeAllThreads (Deoptimize)
Event: 64.253 Executing non-safepoint VM operation: HandshakeAllThreads (Deoptimize) done
Event: 64.304 Executing safepoint VM operation: ParallelGCFailedAllocation (Allocation Failure)
Event: 64.306 Executing safepoint VM operation: ParallelGCFailedAllocation (Allocation Failure) done
Event: 64.390 Executing safepoint VM operation: ParallelGCFailedAllocation (Allocation Failure)
Event: 64.393 Executing safepoint VM operation: ParallelGCFailedAllocation (Allocation Failure) done
Event: 64.525 Executing safepoint VM operation: ParallelGCFailedAllocation (Allocation Failure)
Event: 64.529 Executing safepoint VM operation: ParallelGCFailedAllocation (Allocation Failure) done
Event: 64.636 Executing safepoint VM operation: ParallelGCFailedAllocation (Allocation Failure)
Event: 64.640 Executing safepoint VM operation: ParallelGCFailedAllocation (Allocation Failure) done
Event: 64.695 Executing safepoint VM operation: ParallelGCFailedAllocation (Allocation Failure)
Event: 64.717 Executing safepoint VM operation: ParallelGCFailedAllocation (Allocation Failure) done
Event: 64.996 Executing safepoint VM operation: ParallelGCFailedAllocation (Allocation Failure)
Event: 64.998 Executing safepoint VM operation: ParallelGCFailedAllocation (Allocation Failure) done
Event: 65.149 Executing safepoint VM operation: ParallelGCFailedAllocation (Allocation Failure)
Event: 65.154 Executing safepoint VM operation: ParallelGCFailedAllocation (Allocation Failure) done
Event: 65.507 Executing safepoint VM operation: ParallelGCFailedAllocation (Allocation Failure)
Event: 65.510 Executing safepoint VM operation: ParallelGCFailedAllocation (Allocation Failure) done
Event: 65.655 Executing safepoint VM operation: ParallelGCFailedAllocation (Allocation Failure)
Event: 65.660 Executing safepoint VM operation: ParallelGCFailedAllocation (Allocation Failure) done

Memory protections (0 events):
No events

Nmethod flushes (20 events):
Event: 43.006 Thread 0x0000012b8f5e4510 flushing  nmethod 0x0000012b80973d10
Event: 43.006 Thread 0x0000012b8f5e4510 flushing  nmethod 0x0000012b80975f90
Event: 43.006 Thread 0x0000012b8f5e4510 flushing  nmethod 0x0000012b80980290
Event: 43.006 Thread 0x0000012b8f5e4510 flushing  nmethod 0x0000012b809df490
Event: 43.006 Thread 0x0000012b8f5e4510 flushing  nmethod 0x0000012b809ed690
Event: 43.006 Thread 0x0000012b8f5e4510 flushing  nmethod 0x0000012b809f7190
Event: 43.006 Thread 0x0000012b8f5e4510 flushing  nmethod 0x0000012b80a0dc90
Event: 43.006 Thread 0x0000012b8f5e4510 flushing  nmethod 0x0000012b80a16190
Event: 43.006 Thread 0x0000012b8f5e4510 flushing  nmethod 0x0000012b80a34f10
Event: 43.006 Thread 0x0000012b8f5e4510 flushing  nmethod 0x0000012b80a3d510
Event: 43.006 Thread 0x0000012b8f5e4510 flushing  nmethod 0x0000012b80a43d90
Event: 43.006 Thread 0x0000012b8f5e4510 flushing  nmethod 0x0000012b80a47b10
Event: 43.006 Thread 0x0000012b8f5e4510 flushing  nmethod 0x0000012b80a55910
Event: 43.006 Thread 0x0000012b8f5e4510 flushing  nmethod 0x0000012b80a65590
Event: 43.006 Thread 0x0000012b8f5e4510 flushing  nmethod 0x0000012b80a66710
Event: 43.006 Thread 0x0000012b8f5e4510 flushing  nmethod 0x0000012b80a68890
Event: 43.006 Thread 0x0000012b8f5e4510 flushing  nmethod 0x0000012b80a6dd90
Event: 43.006 Thread 0x0000012b8f5e4510 flushing  nmethod 0x0000012b80a6f910
Event: 43.006 Thread 0x0000012b8f5e4510 flushing  nmethod 0x0000012b80a70b10
Event: 43.006 Thread 0x0000012b8f5e4510 flushing  nmethod 0x0000012b80a72010

Events (20 events):
Event: 57.658 Thread 0x0000012be203eff0 Thread exited: 0x0000012be203eff0
Event: 57.658 Thread 0x0000012be203c890 Thread exited: 0x0000012be203c890
Event: 58.212 Thread 0x0000012bd7378100 Thread added: 0x0000012be203f680
Event: 59.169 Thread 0x0000012be23bb7e0 Thread exited: 0x0000012be23bb7e0
Event: 59.589 Thread 0x0000012be23bb110 Thread exited: 0x0000012be23bb110
Event: 59.652 Thread 0x0000012be203f680 Thread exited: 0x0000012be203f680
Event: 59.699 Thread 0x0000012bf8aebec0 Thread added: 0x0000012be23bb110
Event: 60.269 Thread 0x0000012bd9906b90 Thread added: 0x0000012be203cf20
Event: 60.270 Thread 0x0000012be203cf20 Thread added: 0x0000012be203f680
Event: 60.271 Thread 0x0000012be203f680 Thread added: 0x0000012be203c200
Event: 60.274 Thread 0x0000012be203c200 Thread added: 0x0000012be203fd10
Event: 60.283 Thread 0x0000012bd9906b90 Thread added: 0x0000012be203c890
Event: 60.508 Thread 0x0000012be203c200 Thread added: 0x0000012be203e2d0
Event: 60.509 Thread 0x0000012bd7378e20 Thread added: 0x0000012be4bd9710
Event: 60.510 Thread 0x0000012bd7378e20 Thread added: 0x0000012be4bd8360
Event: 60.511 Thread 0x0000012be203e2d0 Thread added: 0x0000012be4bd6920
Event: 60.511 Thread 0x0000012be203fd10 Thread added: 0x0000012be4bd6fb0
Event: 62.338 Thread 0x0000012bf8aebec0 Thread added: 0x0000012be23bb7e0
Event: 64.408 Thread 0x0000012be203fd10 Thread added: 0x0000012be4bd7640
Event: 66.572 Thread 0x0000012be23bb7e0 Thread exited: 0x0000012be23bb7e0


Dynamic libraries:
0x00007ff7518a0000 - 0x00007ff7518ae000 	c:\Users\ankit\.vscode\extensions\redhat.java-1.54.0-win32-x64\jre\21.0.10-win32-x86_64\bin\java.exe
0x00007ff890ae0000 - 0x00007ff890d46000 	C:\WINDOWS\SYSTEM32\ntdll.dll
0x00007ff88ee80000 - 0x00007ff88ef49000 	C:\WINDOWS\System32\KERNEL32.DLL
0x00007ff88dd80000 - 0x00007ff88e179000 	C:\WINDOWS\System32\KERNELBASE.dll
0x00007ff88e620000 - 0x00007ff88e76c000 	C:\WINDOWS\System32\ucrtbase.dll
0x00007ff863300000 - 0x00007ff863318000 	c:\Users\ankit\.vscode\extensions\redhat.java-1.54.0-win32-x64\jre\21.0.10-win32-x86_64\bin\jli.dll
0x00007ff8906f0000 - 0x00007ff8908b6000 	C:\WINDOWS\System32\USER32.dll
0x00007ff88e830000 - 0x00007ff88e857000 	C:\WINDOWS\System32\win32u.dll
0x00007ff890980000 - 0x00007ff8909ab000 	C:\WINDOWS\System32\GDI32.dll
0x00007ff88e2c0000 - 0x00007ff88e3eb000 	C:\WINDOWS\System32\gdi32full.dll
0x00007ff88e570000 - 0x00007ff88e613000 	C:\WINDOWS\System32\msvcp_win.dll
0x00007ff84ce20000 - 0x00007ff84ce3e000 	c:\Users\ankit\.vscode\extensions\redhat.java-1.54.0-win32-x64\jre\21.0.10-win32-x86_64\bin\VCRUNTIME140.dll
0x00007ff871540000 - 0x00007ff8717d2000 	C:\WINDOWS\WinSxS\amd64_microsoft.windows.common-controls_6595b64144ccf1df_6.0.26100.8289_none_3e0e0344e32f67d2\COMCTL32.dll
0x00007ff890220000 - 0x00007ff8902c9000 	C:\WINDOWS\System32\msvcrt.dll
0x00007ff890650000 - 0x00007ff890682000 	C:\WINDOWS\System32\IMM32.DLL
0x00007ff8879d0000 - 0x00007ff8879dc000 	c:\Users\ankit\.vscode\extensions\redhat.java-1.54.0-win32-x64\jre\21.0.10-win32-x86_64\bin\vcruntime140_1.dll
0x00007ff80f590000 - 0x00007ff80f61d000 	c:\Users\ankit\.vscode\extensions\redhat.java-1.54.0-win32-x64\jre\21.0.10-win32-x86_64\bin\msvcp140.dll
0x00007fffc5910000 - 0x00007fffc66b1000 	c:\Users\ankit\.vscode\extensions\redhat.java-1.54.0-win32-x64\jre\21.0.10-win32-x86_64\bin\server\jvm.dll
0x00007ff8909b0000 - 0x00007ff890a66000 	C:\WINDOWS\System32\ADVAPI32.dll
0x00007ff88ef50000 - 0x00007ff88eff7000 	C:\WINDOWS\System32\sechost.dll
0x00007ff88f860000 - 0x00007ff88f978000 	C:\WINDOWS\System32\RPCRT4.dll
0x00007ff88f980000 - 0x00007ff88fa00000 	C:\WINDOWS\System32\WS2_32.dll
0x00007ff88dbe0000 - 0x00007ff88dc3e000 	C:\WINDOWS\SYSTEM32\POWRPROF.dll
0x00007ff882450000 - 0x00007ff882486000 	C:\WINDOWS\SYSTEM32\WINMM.dll
0x00007ff885970000 - 0x00007ff88597b000 	C:\WINDOWS\SYSTEM32\VERSION.dll
0x00007ff88dbc0000 - 0x00007ff88dbd4000 	C:\WINDOWS\SYSTEM32\UMPDC.dll
0x00007ff88cae0000 - 0x00007ff88cafb000 	C:\WINDOWS\SYSTEM32\kernel.appcore.dll
0x00007ff8879b0000 - 0x00007ff8879ba000 	c:\Users\ankit\.vscode\extensions\redhat.java-1.54.0-win32-x64\jre\21.0.10-win32-x86_64\bin\jimage.dll
0x00007ff88b280000 - 0x00007ff88b4c2000 	C:\WINDOWS\SYSTEM32\DBGHELP.DLL
0x00007ff88e860000 - 0x00007ff88ebe3000 	C:\WINDOWS\System32\combase.dll
0x00007ff88f780000 - 0x00007ff88f859000 	C:\WINDOWS\System32\OLEAUT32.dll
0x00007ff871390000 - 0x00007ff8713cb000 	C:\WINDOWS\SYSTEM32\dbgcore.DLL
0x00007ff88e210000 - 0x00007ff88e2b8000 	C:\WINDOWS\System32\bcryptPrimitives.dll
0x00007ff873840000 - 0x00007ff87384f000 	c:\Users\ankit\.vscode\extensions\redhat.java-1.54.0-win32-x64\jre\21.0.10-win32-x86_64\bin\instrument.dll
0x00007ff84a040000 - 0x00007ff84a060000 	c:\Users\ankit\.vscode\extensions\redhat.java-1.54.0-win32-x64\jre\21.0.10-win32-x86_64\bin\java.dll
0x00007ff88f000000 - 0x00007ff88f77b000 	C:\WINDOWS\System32\SHELL32.dll
0x00007ff88b930000 - 0x00007ff88c1a2000 	C:\WINDOWS\SYSTEM32\windows.storage.dll
0x00007ff88ed80000 - 0x00007ff88ee79000 	C:\WINDOWS\System32\SHCORE.dll
0x00007ff88fa10000 - 0x00007ff88fa77000 	C:\WINDOWS\System32\shlwapi.dll
0x00007ff88dca0000 - 0x00007ff88dcc9000 	C:\WINDOWS\SYSTEM32\profapi.dll
0x00007ff8491a0000 - 0x00007ff8491b8000 	c:\Users\ankit\.vscode\extensions\redhat.java-1.54.0-win32-x64\jre\21.0.10-win32-x86_64\bin\zip.dll
0x00007ff868a20000 - 0x00007ff868a30000 	C:\Users\ankit\.vscode\extensions\redhat.java-1.54.0-win32-x64\jre\21.0.10-win32-x86_64\bin\net.dll
0x00007ff885650000 - 0x00007ff885779000 	C:\WINDOWS\SYSTEM32\WINHTTP.dll
0x00007ff88d070000 - 0x00007ff88d0dc000 	C:\WINDOWS\system32\mswsock.dll
0x00007ff848cd0000 - 0x00007ff848ce6000 	C:\Users\ankit\.vscode\extensions\redhat.java-1.54.0-win32-x64\jre\21.0.10-win32-x86_64\bin\nio.dll
0x00007ff862070000 - 0x00007ff862080000 	c:\Users\ankit\.vscode\extensions\redhat.java-1.54.0-win32-x64\jre\21.0.10-win32-x86_64\bin\verify.dll
0x00007ff848820000 - 0x00007ff848865000 	C:\Users\ankit\AppData\Roaming\Code\User\globalStorage\redhat.java\1.54.0\config_win\org.eclipse.equinox.launcher\org.eclipse.equinox.launcher.win32.win32.x86_64_1.3.0.v20260203-2149\eclipse_11919.dll
0x00007ff88fa80000 - 0x00007ff88fc17000 	C:\WINDOWS\System32\ole32.dll
0x00007ff88d350000 - 0x00007ff88d36b000 	C:\WINDOWS\SYSTEM32\CRYPTSP.dll
0x00007ff88ca40000 - 0x00007ff88ca79000 	C:\WINDOWS\system32\rsaenh.dll
0x00007ff88d120000 - 0x00007ff88d153000 	C:\WINDOWS\SYSTEM32\USERENV.dll
0x00007ff88dc70000 - 0x00007ff88dc9a000 	C:\WINDOWS\SYSTEM32\bcrypt.dll
0x00007ff88d370000 - 0x00007ff88d37c000 	C:\WINDOWS\SYSTEM32\CRYPTBASE.dll
0x00007ff88c4b0000 - 0x00007ff88c4e2000 	C:\WINDOWS\SYSTEM32\IPHLPAPI.DLL
0x00007ff88ebf0000 - 0x00007ff88ebfa000 	C:\WINDOWS\System32\NSI.dll
0x00007ff8793b0000 - 0x00007ff8793f9000 	C:\Users\ankit\AppData\Local\Temp\jna-92964745\jna15778581917335011620.dll
0x00007ff88ec00000 - 0x00007ff88ec08000 	C:\WINDOWS\System32\PSAPI.DLL
0x00007ff885950000 - 0x00007ff88596d000 	C:\WINDOWS\SYSTEM32\dhcpcsvc6.DLL
0x00007ff8854f0000 - 0x00007ff885515000 	C:\WINDOWS\SYSTEM32\dhcpcsvc.DLL

JVMTI agents:
c:\Users\ankit\.vscode\extensions\redhat.java-1.54.0-win32-x64\lombok\lombok-1.18.39-4050.jar path:c:\Users\ankit\.vscode\extensions\redhat.java-1.54.0-win32-x64\jre\21.0.10-win32-x86_64\bin\instrument.dll, loaded, initialized, instrumentlib options:none

dbghelp: loaded successfully - version: 4.0.5 - missing functions: none
symbol engine: initialized successfully - sym options: 0x614 - pdb path: .;c:\Users\ankit\.vscode\extensions\redhat.java-1.54.0-win32-x64\jre\21.0.10-win32-x86_64\bin;C:\WINDOWS\SYSTEM32;C:\WINDOWS\WinSxS\amd64_microsoft.windows.common-controls_6595b64144ccf1df_6.0.26100.8289_none_3e0e0344e32f67d2;c:\Users\ankit\.vscode\extensions\redhat.java-1.54.0-win32-x64\jre\21.0.10-win32-x86_64\bin\server;C:\Users\ankit\AppData\Roaming\Code\User\globalStorage\redhat.java\1.54.0\config_win\org.eclipse.equinox.launcher\org.eclipse.equinox.launcher.win32.win32.x86_64_1.3.0.v20260203-2149;C:\Users\ankit\AppData\Local\Temp\jna-92964745

VM Arguments:
jvm_args: --add-modules=ALL-SYSTEM --add-opens=java.base/java.util=ALL-UNNAMED --add-opens=java.base/java.lang=ALL-UNNAMED --add-opens=java.base/sun.nio.fs=ALL-UNNAMED -Declipse.application=org.eclipse.jdt.ls.core.id1 -Dosgi.bundles.defaultStartLevel=4 -Declipse.product=org.eclipse.jdt.ls.core.product -Djava.import.generatesMetadataFilesAtProjectRoot=false -DDetectVMInstallationsJob.disabled=true -Dfile.encoding=utf8 -XX:+UseParallelGC -XX:GCTimeRatio=4 -XX:AdaptiveSizePolicyWeight=90 -Dsun.zip.disableMemoryMapping=true -Xmx2G -Xms100m -Xlog:disable -javaagent:c:\Users\ankit\.vscode\extensions\redhat.java-1.54.0-win32-x64\lombok\lombok-1.18.39-4050.jar -XX:+HeapDumpOnOutOfMemoryError -XX:HeapDumpPath=c:\Users\ankit\AppData\Roaming\Code\User\workspaceStorage\a3671561678c19015781a49cc90ed25e\redhat.java -Daether.dependencyCollector.impl=bf 
java_command: c:\Users\ankit\.vscode\extensions\redhat.java-1.54.0-win32-x64\server\plugins\org.eclipse.equinox.launcher_1.7.100.v20251111-0406.jar -configuration c:\Users\ankit\AppData\Roaming\Code\User\globalStorage\redhat.java\1.54.0\config_win -data c:\Users\ankit\AppData\Roaming\Code\User\workspaceStorage\a3671561678c19015781a49cc90ed25e\redhat.java\jdt_ws --pipe=\\.\pipe\lsp-5ab6620f0cfa8fac82cdb022796754a6-sock
java_class_path (initial): c:\Users\ankit\.vscode\extensions\redhat.java-1.54.0-win32-x64\server\plugins\org.eclipse.equinox.launcher_1.7.100.v20251111-0406.jar
Launcher Type: SUN_STANDARD

[Global flags]
    uintx AdaptiveSizePolicyWeight                 = 90                                        {product} {command line}
     intx CICompilerCount                          = 4                                         {product} {ergonomic}
    uintx GCTimeRatio                              = 4                                         {product} {command line}
     bool HeapDumpOnOutOfMemoryError               = true                                   {manageable} {command line}
    ccstr HeapDumpPath                             = c:\Users\ankit\AppData\Roaming\Code\User\workspaceStorage\a3671561678c19015781a49cc90ed25e\redhat.java         {manageable} {command line}
   size_t InitialHeapSize                          = 104857600                                 {product} {command line}
   size_t MaxHeapSize                              = 2147483648                                {product} {command line}
   size_t MaxNewSize                               = 715653120                                 {product} {ergonomic}
   size_t MinHeapDeltaBytes                        = 524288                                    {product} {ergonomic}
   size_t MinHeapSize                              = 104857600                                 {product} {command line}
   size_t NewSize                                  = 34603008                                  {product} {ergonomic}
    uintx NonNMethodCodeHeapSize                   = 5839372                                {pd product} {ergonomic}
    uintx NonProfiledCodeHeapSize                  = 122909434                              {pd product} {ergonomic}
   size_t OldSize                                  = 70254592                                  {product} {ergonomic}
    uintx ProfiledCodeHeapSize                     = 122909434                              {pd product} {ergonomic}
    uintx ReservedCodeCacheSize                    = 251658240                              {pd product} {ergonomic}
     bool SegmentedCodeCache                       = true                                      {product} {ergonomic}
   size_t SoftMaxHeapSize                          = 2147483648                             {manageable} {ergonomic}
     bool UseCompressedOops                        = true                           {product lp64_product} {ergonomic}
     bool UseLargePagesIndividualAllocation        = false                                  {pd product} {ergonomic}
     bool UseParallelGC                            = true                                      {product} {command line}

Logging:
Log output configuration:
 #0: stdout all=off uptime,level,tags foldmultilines=false
 #1: stderr all=off uptime,level,tags foldmultilines=false

Release file:
JAVA_VERSION="21.0.10" 
MODULES="java.base java.compiler java.datatransfer java.xml java.prefs java.desktop java.instrument java.logging java.management java.security.sasl java.naming java.rmi java.management.rmi java.net.http java.scripting java.security.jgss java.transaction.xa java.sql java.sql.rowset java.xml.crypto java.se java.smartcardio jdk.accessibility jdk.internal.jvmstat jdk.attach jdk.charsets jdk.internal.opt jdk.zipfs jdk.compiler jdk.crypto.ec jdk.crypto.cryptoki jdk.crypto.mscapi jdk.dynalink jdk.internal.ed jdk.editpad jdk.hotspot.agent jdk.httpserver jdk.internal.le jdk.internal.vm.ci jdk.internal.vm.compiler jdk.internal.vm.compiler.management jdk.jartool jdk.javadoc jdk.jcmd jdk.management jdk.management.agent jdk.jconsole jdk.jdeps jdk.jdwp.agent jdk.jdi jdk.jfr jdk.jshell jdk.jsobject jdk.jstatd jdk.localedata jdk.management.jfr jdk.naming.dns jdk.naming.rmi jdk.net jdk.nio.mapmode jdk.random jdk.sctp jdk.security.auth jdk.security.jgss jdk.unsupported jdk.unsupported.desktop jdk.xml.dom" 

Environment Variables:
JAVA_HOME=C:\Users\ankit\AppData\Local\Programs\Eclipse Adoptium\jdk-17.0.17.10-hotspot
PATH=C:\Users\ankit\AppData\Local\Programs\Microsoft VS Code;C:\Users\ankit\AppData\Local\Programs\Eclipse Adoptium\jdk-17.0.17.10-hotspot\bin;C:\windows\system32;C:\windows;C:\windows\System32\Wbem;C:\windows\System32\WindowsPowerShell\v1.0\;C:\windows\System32\OpenSSH\;C:\Program Files (x86)\NVIDIA Corporation\PhysX\Common;C:\Program Files\NVIDIA Corporation\NVIDIA NvDLISR;C:\WINDOWS\system32;C:\WINDOWS;C:\WINDOWS\System32\Wbem;C:\WINDOWS\System32\WindowsPowerShell\v1.0\;C:\WINDOWS\System32\OpenSSH\;C:\Program Files\Git\cmd;C:\Program Files\Git\mingw64\bin;C:\Program Files\Git\usr\bin;C:\Program Files\MongoDB\Server\8.0\bin;C:\Program Files\cursor\resources\app\bin;C:\Users\ankit\OneDrive\Documents\Desktop\apache-maven-3.9.11\bin;C:\Program Files\Docker\Docker\resources\bin;%NVM_HOME%;%NVM_SYMLINK%;C:\Program Files\MySQL\MySQL Shell 8.0\bin\;C:\Users\ankit\AppData\Local\Programs\Eclipse Adoptium\jdk-17.0.17.10-hotspot\bin;C:\Users\ankit\AppData\Local\Programs\Python\Python313\Scripts\;C:\Users\ankit\AppData\Local\Programs\Python\Python313\;C:\Users\ankit\AppData\Local\Programs\Python\Launcher\;C:\Users\ankit\AppData\Local\Microsoft\WindowsApps;C:\Users\ankit\AppData\Local\Programs\Microsoft VS Code\bin;C:\Program Files\mongosh\;C:\Users\ankit\AppData\Local\Programs\Antigravity\bin;C:\Users\ankit\AppData\Local\nvm;C:\nvm4w\nodejs
USERNAME=ankit
OS=Windows_NT
PROCESSOR_IDENTIFIER=Intel64 Family 6 Model 141 Stepping 1, GenuineIntel
TMP=C:\Users\ankit\AppData\Local\Temp
TEMP=C:\Users\ankit\AppData\Local\Temp




Periodic native trim disabled

---------------  S Y S T E M  ---------------

OS:
 Windows 11 , 64 bit Build 26100 (10.0.26100.8289)
OS uptime: 0 days 1:40 hours
Hyper-V role detected

CPU: total 12 (initial active 12) (6 cores per cpu, 2 threads per core) family 6 model 141 stepping 1 microcode 0x58, cx8, cmov, fxsr, ht, mmx, 3dnowpref, sse, sse2, sse3, ssse3, sse4.1, sse4.2, popcnt, lzcnt, tsc, tscinvbit, avx, avx2, aes, erms, clmul, bmi1, bmi2, adx, avx512f, avx512dq, avx512cd, avx512bw, avx512vl, sha, fma, vzeroupper, avx512_vpopcntdq, avx512_vpclmulqdq, avx512_vaes, avx512_vnni, clflush, clflushopt, clwb, avx512_vbmi2, avx512_vbmi, hv, rdtscp, rdpid, fsrm, gfni, avx512_bitalg, f16c, cet_ibt, cet_ss, avx512_ifma
Processor Information for the first 12 processors :
  Max Mhz: 2688, Current Mhz: 2688, Mhz Limit: 2688

Memory: 4k page, system-wide physical 7830M (735M free)
TotalPageFile size 16022M (AvailPageFile size 164M)
current process WorkingSet (physical memory assigned to process): 461M, peak: 528M
current process commit charge ("private bytes"): 608M, peak: 668M

vm_info: OpenJDK 64-Bit Server VM (21.0.10+7-LTS) for windows-amd64 JRE (21.0.10+7-LTS), built on 2026-01-20T00:00:00Z by "admin" with MS VC++ 17.12 (VS2022)

END.
